

--------------------------------------- 2015-10-06-01-15-59-598
[notice ] ElapsedTime: 11.1419 / 961
[notice ] ElapsedTime: 11.147 / 953
[ error ] ofxJSONElement::openLocal: Unable to parse MAU_twit/twitter.json: * Line 1, Column 1
  Syntax error: value, object or array expected.

[ error ] ofxJSONElement::openLocal: Unable to parse MAU_twit/twitter.json: * Line 1, Column 1
  Syntax error: value, object or array expected.

[ error ] ofxJSONElement::openLocal: Unable to parse MAU_twit/twitter.json: * Line 1, Column 1
  Syntax error: value, object or array expected.

[ error ] ofxJSONElement::openLocal: Unable to parse MAU_twit/twitter.json: * Line 1, Column 1
  Syntax error: value, object or array expected.

[ error ] ofxJSONElement::openLocal: Unable to parse MAU_twit/twitter.json: * Line 1, Column 1
  Syntax error: value, object or array expected.

[ error ] ofxJSONElement::openLocal: Unable to parse MAU_twit/twitter.json: * Line 1, Column 1
  Syntax error: value, object or array expected.

[ error ] ofxJSONElement::openLocal: Unable to parse MAU_twit/twitter.json: * Line 1, Column 1
  Syntax error: value, object or array expected.

[ error ] ofxJSONElement::openLocal: Unable to parse MAU_twit/twitter.json: * Line 1, Column 1
  Syntax error: value, object or array expected.

[ error ] ofxJSONElement::openLocal: Unable to parse MAU_twit/twitter.json: * Line 1, Column 1
  Syntax error: value, object or array expected.

[ error ] ofxJSONElement::openLocal: Unable to parse MAU_twit/twitter.json: * Line 1, Column 1
  Syntax error: value, object or array expected.

[ error ] ofxJSONElement::openLocal: Unable to parse MAU_twit/twitter.json: * Line 1, Column 1
  Syntax error: value, object or array expected.

[ error ] ofxJSONElement::openLocal: Unable to parse MAU_twit/twitter.json: * Line 1, Column 1
  Syntax error: value, object or array expected.

[ error ] ofxJSONElement::openLocal: Unable to parse MAU_twit/twitter.json: * Line 1, Column 1
  Syntax error: value, object or array expected.

[ error ] ofxJSONElement::openLocal: Unable to parse MAU_twit/twitter.json: * Line 1, Column 1
  Syntax error: value, object or array expected.

[ error ] ofxJSONElement::openLocal: Unable to parse MAU_twit/twitter.json: * Line 1, Column 1
  Syntax error: value, object or array expected.

[ error ] ofxJSONElement::openLocal: Unable to parse MAU_twit/twitter.json: * Line 1, Column 1
  Syntax error: value, object or array expected.

[ error ] ofxJSONElement::openLocal: Unable to parse MAU_twit/twitter.json: * Line 1, Column 1
  Syntax error: value, object or array expected.

[ error ] ofxJSONElement::openLocal: Unable to parse MAU_twit/twitter.json: * Line 1, Column 1
  Syntax error: value, object or array expected.

[ error ] ofxJSONElement::openLocal: Unable to parse MAU_twit/twitter.json: * Line 1, Column 1
  Syntax error: value, object or array expected.

[ error ] ofxJSONElement::openLocal: Unable to parse MAU_twit/twitter.json: * Line 1, Column 1
  Syntax error: value, object or array expected.

[ error ] ofxJSONElement::openLocal: Unable to parse MAU_twit/twitter.json: * Line 1, Column 1
  Syntax error: value, object or array expected.

[ error ] ofxJSONElement::openLocal: Unable to parse MAU_twit/twitter.json: * Line 1, Column 1
  Syntax error: value, object or array expected.

[ error ] ofxJSONElement::openLocal: Unable to parse MAU_twit/twitter.json: * Line 1, Column 1
  Syntax error: value, object or array expected.

[ error ] ofxJSONElement::openLocal: Unable to parse MAU_twit/twitter.json: * Line 1, Column 1
  Syntax error: value, object or array expected.

[ error ] ofxJSONElement::openLocal: Unable to parse MAU_twit/twitter.json: * Line 1, Column 1
  Syntax error: value, object or array expected.

[ error ] ofxJSONElement::openLocal: Unable to parse MAU_twit/twitter.json: * Line 1, Column 1
  Syntax error: value, object or array expected.

[ error ] ofxJSONElement::openLocal: Unable to parse MAU_twit/twitter.json: * Line 1, Column 1
  Syntax error: value, object or array expected.

[ error ] ofxJSONElement::openLocal: Unable to parse MAU_twit/twitter.json: * Line 1, Column 1
  Syntax error: value, object or array expected.

[ error ] ofxJSONElement::openLocal: Unable to parse MAU_twit/twitter.json: * Line 1, Column 1
  Syntax error: value, object or array expected.

[ error ] ofxJSONElement::openLocal: Unable to parse MAU_twit/twitter.json: * Line 1, Column 1
  Syntax error: value, object or array expected.

[ error ] ofxJSONElement::openLocal: Unable to parse MAU_twit/twitter.json: * Line 1, Column 1
  Syntax error: value, object or array expected.

[ error ] ofxJSONElement::openLocal: Unable to parse MAU_twit/twitter.json: * Line 1, Column 1
  Syntax error: value, object or array expected.

[ error ] ofxJSONElement::openLocal: Unable to parse MAU_twit/twitter.json: * Line 1, Column 1
  Syntax error: value, object or array expected.

[ error ] ofxJSONElement::openLocal: Unable to parse MAU_twit/twitter.json: * Line 1, Column 1
  Syntax error: value, object or array expected.

[ error ] ofxJSONElement::openLocal: Unable to parse MAU_twit/twitter.json: * Line 1, Column 1
  Syntax error: value, object or array expected.

[ error ] ofxJSONElement::openLocal: Unable to parse MAU_twit/twitter.json: * Line 1, Column 1
  Syntax error: value, object or array expected.

[ error ] ofxJSONElement::openLocal: Unable to parse MAU_twit/twitter.json: * Line 1, Column 1
  Syntax error: value, object or array expected.

[ error ] ofxJSONElement::openLocal: Unable to parse MAU_twit/twitter.json: * Line 1, Column 1
  Syntax error: value, object or array expected.

[ error ] ofxJSONElement::openLocal: Unable to parse MAU_twit/twitter.json: * Line 1, Column 1
  Syntax error: value, object or array expected.

[ error ] ofxJSONElement::openLocal: Unable to parse MAU_twit/twitter.json: * Line 1, Column 1
  Syntax error: value, object or array expected.

[ error ] ofxJSONElement::openLocal: Unable to parse MAU_twit/twitter.json: * Line 1, Column 1
  Syntax error: value, object or array expected.

[ error ] ofxJSONElement::openLocal: Unable to parse MAU_twit/twitter.json: * Line 1, Column 1
  Syntax error: value, object or array expected.

[ error ] ofxJSONElement::openLocal: Unable to parse MAU_twit/twitter.json: * Line 1, Column 1
  Syntax error: value, object or array expected.

[ error ] ofxJSONElement::openLocal: Unable to parse MAU_twit/twitter.json: * Line 1, Column 1
  Syntax error: value, object or array expected.

[ error ] ofxJSONElement::openLocal: Unable to parse MAU_twit/twitter.json: * Line 1, Column 1
  Syntax error: value, object or array expected.

[ error ] ofxJSONElement::openLocal: Unable to parse MAU_twit/twitter.json: * Line 1, Column 1
  Syntax error: value, object or array expected.

[ error ] ofxJSONElement::openLocal: Unable to parse MAU_twit/twitter.json: * Line 1, Column 1
  Syntax error: value, object or array expected.

[ error ] ofxJSONElement::openLocal: Unable to parse MAU_twit/twitter.json: * Line 1, Column 1
  Syntax error: value, object or array expected.

[ error ] ofxJSONElement::openLocal: Unable to parse MAU_twit/twitter.json: * Line 1, Column 1
  Syntax error: value, object or array expected.

[ error ] ofxJSONElement::openLocal: Unable to parse MAU_twit/twitter.json: * Line 1, Column 1
  Syntax error: value, object or array expected.

[ error ] ofxJSONElement::openLocal: Unable to parse MAU_twit/twitter.json: * Line 1, Column 1
  Syntax error: value, object or array expected.

[ error ] ofxJSONElement::openLocal: Unable to parse MAU_twit/twitter.json: * Line 1, Column 1
  Syntax error: value, object or array expected.

[ error ] ofxJSONElement::openLocal: Unable to parse MAU_twit/twitter.json: * Line 1, Column 1
  Syntax error: value, object or array expected.

[ error ] ofxJSONElement::openLocal: Unable to parse MAU_twit/twitter.json: * Line 1, Column 1
  Syntax error: value, object or array expected.

[ error ] ofxJSONElement::openLocal: Unable to parse MAU_twit/twitter.json: * Line 1, Column 1
  Syntax error: value, object or array expected.

[ error ] ofxJSONElement::openLocal: Unable to parse MAU_twit/twitter.json: * Line 1, Column 1
  Syntax error: value, object or array expected.

[ error ] ofxJSONElement::openLocal: Unable to parse MAU_twit/twitter.json: * Line 1, Column 1
  Syntax error: value, object or array expected.

[ error ] ofxJSONElement::openLocal: Unable to parse MAU_twit/twitter.json: * Line 1, Column 1
  Syntax error: value, object or array expected.

[ error ] ofxJSONElement::openLocal: Unable to parse MAU_twit/twitter.json: * Line 1, Column 1
  Syntax error: value, object or array expected.

[ error ] ofxJSONElement::openLocal: Unable to parse MAU_twit/twitter.json: * Line 1, Column 1
  Syntax error: value, object or array expected.

[ error ] ofxJSONElement::openLocal: Unable to parse MAU_twit/twitter.json: * Line 1, Column 1
  Syntax error: value, object or array expected.

[ error ] ofxJSONElement::openLocal: Unable to parse MAU_twit/twitter.json: * Line 1, Column 1
  Syntax error: value, object or array expected.

[ error ] ofxJSONElement::openLocal: Unable to parse MAU_twit/twitter.json: * Line 1, Column 1
  Syntax error: value, object or array expected.

[ error ] ofxJSONElement::openLocal: Unable to parse MAU_twit/twitter.json: * Line 1, Column 1
  Syntax error: value, object or array expected.

[ error ] ofxJSONElement::openLocal: Unable to parse MAU_twit/twitter.json: * Line 1, Column 1
  Syntax error: value, object or array expected.

[ error ] ofxJSONElement::openLocal: Unable to parse MAU_twit/twitter.json: * Line 1, Column 1
  Syntax error: value, object or array expected.

[ error ] ofxJSONElement::openLocal: Unable to parse MAU_twit/twitter.json: * Line 1, Column 1
  Syntax error: value, object or array expected.

[ error ] ofxJSONElement::openLocal: Unable to parse MAU_twit/twitter.json: * Line 1, Column 1
  Syntax error: value, object or array expected.

[ error ] ofxJSONElement::openLocal: Unable to parse MAU_twit/twitter.json: * Line 1, Column 1
  Syntax error: value, object or array expected.

[ error ] ofxJSONElement::openLocal: Unable to parse MAU_twit/twitter.json: * Line 1, Column 1
  Syntax error: value, object or array expected.

[ error ] ofxJSONElement::openLocal: Unable to parse MAU_twit/twitter.json: * Line 1, Column 1
  Syntax error: value, object or array expected.

[ error ] ofxJSONElement::openLocal: Unable to parse MAU_twit/twitter.json: * Line 1, Column 1
  Syntax error: value, object or array expected.

[ error ] ofxJSONElement::openLocal: Unable to parse MAU_twit/twitter.json: * Line 1, Column 1
  Syntax error: value, object or array expected.

[ error ] ofxJSONElement::openLocal: Unable to parse MAU_twit/twitter.json: * Line 1, Column 1
  Syntax error: value, object or array expected.

[ error ] ofxJSONElement::openLocal: Unable to parse MAU_twit/twitter.json: * Line 1, Column 1
  Syntax error: value, object or array expected.

[ error ] ofxJSONElement::openLocal: Unable to parse MAU_twit/twitter.json: * Line 1, Column 1
  Syntax error: value, object or array expected.

[ error ] ofxJSONElement::openLocal: Unable to parse MAU_twit/twitter.json: * Line 1, Column 1
  Syntax error: value, object or array expected.

[ error ] ofxJSONElement::openLocal: Unable to parse MAU_twit/twitter.json: * Line 1, Column 1
  Syntax error: value, object or array expected.

[ error ] ofxJSONElement::openLocal: Unable to parse MAU_twit/twitter.json: * Line 1, Column 1
  Syntax error: value, object or array expected.

[ error ] ofxJSONElement::openLocal: Unable to parse MAU_twit/twitter.json: * Line 1, Column 1
  Syntax error: value, object or array expected.

[ error ] ofxJSONElement::openLocal: Unable to parse MAU_twit/twitter.json: * Line 1, Column 1
  Syntax error: value, object or array expected.

[ error ] ofxJSONElement::openLocal: Unable to parse MAU_twit/twitter.json: * Line 1, Column 1
  Syntax error: value, object or array expected.

[ error ] ofxJSONElement::openLocal: Unable to parse MAU_twit/twitter.json: * Line 1, Column 1
  Syntax error: value, object or array expected.

[ error ] ofxJSONElement::openLocal: Unable to parse MAU_twit/twitter.json: * Line 1, Column 1
  Syntax error: value, object or array expected.

[ error ] ofxJSONElement::openLocal: Unable to parse MAU_twit/twitter.json: * Line 1, Column 1
  Syntax error: value, object or array expected.

[ error ] ofxJSONElement::openLocal: Unable to parse MAU_twit/twitter.json: * Line 1, Column 1
  Syntax error: value, object or array expected.

[ error ] ofxJSONElement::openLocal: Unable to parse MAU_twit/twitter.json: * Line 1, Column 1
  Syntax error: value, object or array expected.

[ error ] ofxJSONElement::openLocal: Unable to parse MAU_twit/twitter.json: * Line 1, Column 1
  Syntax error: value, object or array expected.

[ error ] ofxJSONElement::openLocal: Unable to parse MAU_twit/twitter.json: * Line 1, Column 1
  Syntax error: value, object or array expected.

[ error ] ofxJSONElement::openLocal: Unable to parse MAU_twit/twitter.json: * Line 1, Column 1
  Syntax error: value, object or array expected.

[ error ] ofxJSONElement::openLocal: Unable to parse MAU_twit/twitter.json: * Line 1, Column 1
  Syntax error: value, object or array expected.

[ error ] ofxJSONElement::openLocal: Unable to parse MAU_twit/twitter.json: * Line 1, Column 1
  Syntax error: value, object or array expected.

[ error ] ofxJSONElement::openLocal: Unable to parse MAU_twit/twitter.json: * Line 1, Column 1
  Syntax error: value, object or array expected.

[ error ] ofxJSONElement::openLocal: Unable to parse MAU_twit/twitter.json: * Line 1, Column 1
  Syntax error: value, object or array expected.

[ error ] ofxJSONElement::openLocal: Unable to parse MAU_twit/twitter.json: * Line 1, Column 1
  Syntax error: value, object or array expected.

[ error ] ofxJSONElement::openLocal: Unable to parse MAU_twit/twitter.json: * Line 1, Column 1
  Syntax error: value, object or array expected.

[ error ] ofxJSONElement::openLocal: Unable to parse MAU_twit/twitter.json: * Line 1, Column 1
  Syntax error: value, object or array expected.

[ error ] ofxJSONElement::openLocal: Unable to parse MAU_twit/twitter.json: * Line 1, Column 1
  Syntax error: value, object or array expected.

[ error ] ofxJSONElement::openLocal: Unable to parse MAU_twit/twitter.json: * Line 1, Column 1
  Syntax error: value, object or array expected.

[ error ] ofxJSONElement::openLocal: Unable to parse MAU_twit/twitter.json: * Line 1, Column 1
  Syntax error: value, object or array expected.

[ error ] ofxJSONElement::openLocal: Unable to parse MAU_twit/twitter.json: * Line 1, Column 1
  Syntax error: value, object or array expected.

[ error ] ofxJSONElement::openLocal: Unable to parse MAU_twit/twitter.json: * Line 1, Column 1
  Syntax error: value, object or array expected.

[ error ] ofxJSONElement::openLocal: Unable to parse MAU_twit/twitter.json: * Line 1, Column 1
  Syntax error: value, object or array expected.

[ error ] ofxJSONElement::openLocal: Unable to parse MAU_twit/twitter.json: * Line 1, Column 1
  Syntax error: value, object or array expected.

[ error ] ofxJSONElement::openLocal: Unable to parse MAU_twit/twitter.json: * Line 1, Column 1
  Syntax error: value, object or array expected.

[ error ] ofxJSONElement::openLocal: Unable to parse MAU_twit/twitter.json: * Line 1, Column 1
  Syntax error: value, object or array expected.

[ error ] ofxJSONElement::openLocal: Unable to parse MAU_twit/twitter.json: * Line 1, Column 1
  Syntax error: value, object or array expected.

[ error ] ofxJSONElement::openLocal: Unable to parse MAU_twit/twitter.json: * Line 1, Column 1
  Syntax error: value, object or array expected.

[ error ] ofxJSONElement::openLocal: Unable to parse MAU_twit/twitter.json: * Line 1, Column 1
  Syntax error: value, object or array expected.

[ error ] ofxJSONElement::openLocal: Unable to parse MAU_twit/twitter.json: * Line 1, Column 1
  Syntax error: value, object or array expected.

[ error ] ofxJSONElement::openLocal: Unable to parse MAU_twit/twitter.json: * Line 1, Column 1
  Syntax error: value, object or array expected.

[ error ] ofxJSONElement::openLocal: Unable to parse MAU_twit/twitter.json: * Line 1, Column 1
  Syntax error: value, object or array expected.

[ error ] ofxJSONElement::openLocal: Unable to parse MAU_twit/twitter.json: * Line 1, Column 1
  Syntax error: value, object or array expected.

[ error ] ofxJSONElement::openLocal: Unable to parse MAU_twit/twitter.json: * Line 1, Column 1
  Syntax error: value, object or array expected.

[ error ] ofxJSONElement::openLocal: Unable to parse MAU_twit/twitter.json: * Line 1, Column 1
  Syntax error: value, object or array expected.

[ error ] ofxJSONElement::openLocal: Unable to parse MAU_twit/twitter.json: * Line 1, Column 1
  Syntax error: value, object or array expected.

[ error ] ofxJSONElement::openLocal: Unable to parse MAU_twit/twitter.json: * Line 1, Column 1
  Syntax error: value, object or array expected.

[ error ] ofxJSONElement::openLocal: Unable to parse MAU_twit/twitter.json: * Line 1, Column 1
  Syntax error: value, object or array expected.

[ error ] ofxJSONElement::openLocal: Unable to parse MAU_twit/twitter.json: * Line 1, Column 1
  Syntax error: value, object or array expected.

[ error ] ofxJSONElement::openLocal: Unable to parse MAU_twit/twitter.json: * Line 1, Column 1
  Syntax error: value, object or array expected.

[ error ] ofxJSONElement::openLocal: Unable to parse MAU_twit/twitter.json: * Line 1, Column 1
  Syntax error: value, object or array expected.

[ error ] ofxJSONElement::openLocal: Unable to parse MAU_twit/twitter.json: * Line 1, Column 1
  Syntax error: value, object or array expected.

[ error ] ofxJSONElement::openLocal: Unable to parse MAU_twit/twitter.json: * Line 1, Column 1
  Syntax error: value, object or array expected.

[ error ] ofxJSONElement::openLocal: Unable to parse MAU_twit/twitter.json: * Line 1, Column 1
  Syntax error: value, object or array expected.

[ error ] ofxJSONElement::openLocal: Unable to parse MAU_twit/twitter.json: * Line 1, Column 1
  Syntax error: value, object or array expected.

[ error ] ofxJSONElement::openLocal: Unable to parse MAU_twit/twitter.json: * Line 1, Column 1
  Syntax error: value, object or array expected.

[ error ] ofxJSONElement::openLocal: Unable to parse MAU_twit/twitter.json: * Line 1, Column 1
  Syntax error: value, object or array expected.

[ error ] ofxJSONElement::openLocal: Unable to parse MAU_twit/twitter.json: * Line 1, Column 1
  Syntax error: value, object or array expected.

[ error ] ofxJSONElement::openLocal: Unable to parse MAU_twit/twitter.json: * Line 1, Column 1
  Syntax error: value, object or array expected.

[ error ] ofxJSONElement::openLocal: Unable to parse MAU_twit/twitter.json: * Line 1, Column 1
  Syntax error: value, object or array expected.

[ error ] ofxJSONElement::openLocal: Unable to parse MAU_twit/twitter.json: * Line 1, Column 1
  Syntax error: value, object or array expected.

[ error ] ofxJSONElement::openLocal: Unable to parse MAU_twit/twitter.json: * Line 1, Column 1
  Syntax error: value, object or array expected.

[ error ] ofxJSONElement::openLocal: Unable to parse MAU_twit/twitter.json: * Line 1, Column 1
  Syntax error: value, object or array expected.

[ error ] ofxJSONElement::openLocal: Unable to parse MAU_twit/twitter.json: * Line 1, Column 1
  Syntax error: value, object or array expected.

[ error ] ofxJSONElement::openLocal: Unable to parse MAU_twit/twitter.json: * Line 1, Column 1
  Syntax error: value, object or array expected.

[ error ] ofxJSONElement::openLocal: Unable to parse MAU_twit/twitter.json: * Line 1, Column 1
  Syntax error: value, object or array expected.

[ error ] ofxJSONElement::openLocal: Unable to parse MAU_twit/twitter.json: * Line 1, Column 1
  Syntax error: value, object or array expected.

[ error ] ofxJSONElement::openLocal: Unable to parse MAU_twit/twitter.json: * Line 1, Column 1
  Syntax error: value, object or array expected.

[ error ] ofxJSONElement::openLocal: Unable to parse MAU_twit/twitter.json: * Line 1, Column 1
  Syntax error: value, object or array expected.

[ error ] ofxJSONElement::openLocal: Unable to parse MAU_twit/twitter.json: * Line 1, Column 1
  Syntax error: value, object or array expected.

[ error ] ofxJSONElement::openLocal: Unable to parse MAU_twit/twitter.json: * Line 1, Column 1
  Syntax error: value, object or array expected.

[ error ] ofxJSONElement::openLocal: Unable to parse MAU_twit/twitter.json: * Line 1, Column 1
  Syntax error: value, object or array expected.

[ error ] ofxJSONElement::openLocal: Unable to parse MAU_twit/twitter.json: * Line 1, Column 1
  Syntax error: value, object or array expected.

[ error ] ofxJSONElement::openLocal: Unable to parse MAU_twit/twitter.json: * Line 1, Column 1
  Syntax error: value, object or array expected.

[ error ] ofxJSONElement::openLocal: Unable to parse MAU_twit/twitter.json: * Line 1, Column 1
  Syntax error: value, object or array expected.

[ error ] ofxJSONElement::openLocal: Unable to parse MAU_twit/twitter.json: * Line 1, Column 1
  Syntax error: value, object or array expected.

[ error ] ofxJSONElement::openLocal: Unable to parse MAU_twit/twitter.json: * Line 1, Column 1
  Syntax error: value, object or array expected.

[ error ] ofxJSONElement::openLocal: Unable to parse MAU_twit/twitter.json: * Line 1, Column 1
  Syntax error: value, object or array expected.

[ error ] ofxJSONElement::openLocal: Unable to parse MAU_twit/twitter.json: * Line 1, Column 1
  Syntax error: value, object or array expected.

[ error ] ofxJSONElement::openLocal: Unable to parse MAU_twit/twitter.json: * Line 1, Column 1
  Syntax error: value, object or array expected.

[ error ] ofxJSONElement::openLocal: Unable to parse MAU_twit/twitter.json: * Line 1, Column 1
  Syntax error: value, object or array expected.

[ error ] ofxJSONElement::openLocal: Unable to parse MAU_twit/twitter.json: * Line 1, Column 1
  Syntax error: value, object or array expected.

[ error ] ofxJSONElement::openLocal: Unable to parse MAU_twit/twitter.json: * Line 1, Column 1
  Syntax error: value, object or array expected.

[ error ] ofxJSONElement::openLocal: Unable to parse MAU_twit/twitter.json: * Line 1, Column 1
  Syntax error: value, object or array expected.

[ error ] ofxJSONElement::openLocal: Unable to parse MAU_twit/twitter.json: * Line 1, Column 1
  Syntax error: value, object or array expected.

[ error ] ofxJSONElement::openLocal: Unable to parse MAU_twit/twitter.json: * Line 1, Column 1
  Syntax error: value, object or array expected.

[ error ] ofxJSONElement::openLocal: Unable to parse MAU_twit/twitter.json: * Line 1, Column 1
  Syntax error: value, object or array expected.

[ error ] ofxJSONElement::openLocal: Unable to parse MAU_twit/twitter.json: * Line 1, Column 1
  Syntax error: value, object or array expected.

[ error ] ofxJSONElement::openLocal: Unable to parse MAU_twit/twitter.json: * Line 1, Column 1
  Syntax error: value, object or array expected.

[ error ] ofxJSONElement::openLocal: Unable to parse MAU_twit/twitter.json: * Line 1, Column 1
  Syntax error: value, object or array expected.

[ error ] ofxJSONElement::openLocal: Unable to parse MAU_twit/twitter.json: * Line 1, Column 1
  Syntax error: value, object or array expected.

[ error ] ofxJSONElement::openLocal: Unable to parse MAU_twit/twitter.json: * Line 1, Column 1
  Syntax error: value, object or array expected.

[ error ] ofxJSONElement::openLocal: Unable to parse MAU_twit/twitter.json: * Line 1, Column 1
  Syntax error: value, object or array expected.

[ error ] ofxJSONElement::openLocal: Unable to parse MAU_twit/twitter.json: * Line 1, Column 1
  Syntax error: value, object or array expected.

[ error ] ofxJSONElement::openLocal: Unable to parse MAU_twit/twitter.json: * Line 1, Column 1
  Syntax error: value, object or array expected.

[ error ] ofxJSONElement::openLocal: Unable to parse MAU_twit/twitter.json: * Line 1, Column 1
  Syntax error: value, object or array expected.

[ error ] ofxJSONElement::openLocal: Unable to parse MAU_twit/twitter.json: * Line 1, Column 1
  Syntax error: value, object or array expected.

[ error ] ofxJSONElement::openLocal: Unable to parse MAU_twit/twitter.json: * Line 1, Column 1
  Syntax error: value, object or array expected.

[ error ] ofxJSONElement::openLocal: Unable to parse MAU_twit/twitter.json: * Line 1, Column 1
  Syntax error: value, object or array expected.

[ error ] ofxJSONElement::openLocal: Unable to parse MAU_twit/twitter.json: * Line 1, Column 1
  Syntax error: value, object or array expected.

[ error ] ofxJSONElement::openLocal: Unable to parse MAU_twit/twitter.json: * Line 1, Column 1
  Syntax error: value, object or array expected.

[ error ] ofxJSONElement::openLocal: Unable to parse MAU_twit/twitter.json: * Line 1, Column 1
  Syntax error: value, object or array expected.

[ error ] ofxJSONElement::openLocal: Unable to parse MAU_twit/twitter.json: * Line 1, Column 1
  Syntax error: value, object or array expected.

[notice ] ElapsedTime: 14.5936 / 952
[ error ] ofxJSONElement::openLocal: Unable to parse MAU_twit/twitter.json: * Line 1, Column 1
  Syntax error: value, object or array expected.

[notice ] ElapsedTime: 14.6085 / 950
[ error ] ofxJSONElement::openLocal: Unable to parse MAU_twit/twitter.json: * Line 1, Column 1
  Syntax error: value, object or array expected.

[notice ] ElapsedTime: 14.6268 / 944
[ error ] ofxJSONElement::openLocal: Unable to parse MAU_twit/twitter.json: * Line 1, Column 1
  Syntax error: value, object or array expected.

[notice ] ElapsedTime: 14.6423 / 911
[ error ] ofxJSONElement::openLocal: Unable to parse MAU_twit/twitter.json: * Line 1, Column 1
  Syntax error: value, object or array expected.

[notice ] ElapsedTime: 14.6573 / 800
[ error ] ofxJSONElement::openLocal: Unable to parse MAU_twit/twitter.json: * Line 1, Column 1
  Syntax error: value, object or array expected.

[notice ] ElapsedTime: 14.678 / 687
[ error ] ofxJSONElement::openLocal: Unable to parse MAU_twit/twitter.json: * Line 1, Column 1
  Syntax error: value, object or array expected.

[notice ] ElapsedTime: 14.6917 / 542
[ error ] ofxJSONElement::openLocal: Unable to parse MAU_twit/twitter.json: * Line 1, Column 1
  Syntax error: value, object or array expected.

[notice ] ElapsedTime: 14.7095 / 459
[ error ] ofxJSONElement::openLocal: Unable to parse MAU_twit/twitter.json: * Line 1, Column 1
  Syntax error: value, object or array expected.

[notice ] ElapsedTime: 14.7274 / 417
[ error ] ofxJSONElement::openLocal: Unable to parse MAU_twit/twitter.json: * Line 1, Column 1
  Syntax error: value, object or array expected.

[notice ] ElapsedTime: 14.7441 / 378
[ error ] ofxJSONElement::openLocal: Unable to parse MAU_twit/twitter.json: * Line 1, Column 1
  Syntax error: value, object or array expected.

[notice ] ElapsedTime: 14.7609 / 363
[ error ] ofxJSONElement::openLocal: Unable to parse MAU_twit/twitter.json: * Line 1, Column 1
  Syntax error: value, object or array expected.

[notice ] ElapsedTime: 14.7778 / 351
[ error ] ofxJSONElement::openLocal: Unable to parse MAU_twit/twitter.json: * Line 1, Column 1
  Syntax error: value, object or array expected.

[ error ] ofxJSONElement::openLocal: Unable to parse MAU_twit/twitter.json: * Line 1, Column 1
  Syntax error: value, object or array expected.

[notice ] ElapsedTime: 14.81 / 345
[ error ] ofxJSONElement::openLocal: Unable to parse MAU_twit/twitter.json: * Line 1, Column 1
  Syntax error: value, object or array expected.

[notice ] ElapsedTime: 14.8266 / 342
[ error ] ofxJSONElement::openLocal: Unable to parse MAU_twit/twitter.json: * Line 1, Column 1
  Syntax error: value, object or array expected.

[notice ] ElapsedTime: 14.8413 / 341
[ error ] ofxJSONElement::openLocal: Unable to parse MAU_twit/twitter.json: * Line 1, Column 1
  Syntax error: value, object or array expected.

[ error ] ofxJSONElement::openLocal: Unable to parse MAU_twit/twitter.json: * Line 1, Column 1
  Syntax error: value, object or array expected.

[ error ] ofxJSONElement::openLocal: Unable to parse MAU_twit/twitter.json: * Line 1, Column 1
  Syntax error: value, object or array expected.

[ error ] ofxJSONElement::openLocal: Unable to parse MAU_twit/twitter.json: * Line 1, Column 1
  Syntax error: value, object or array expected.

[ error ] ofxJSONElement::openLocal: Unable to parse MAU_twit/twitter.json: * Line 1, Column 1
  Syntax error: value, object or array expected.

[ error ] ofxJSONElement::openLocal: Unable to parse MAU_twit/twitter.json: * Line 1, Column 1
  Syntax error: value, object or array expected.

[ error ] ofxJSONElement::openLocal: Unable to parse MAU_twit/twitter.json: * Line 1, Column 1
  Syntax error: value, object or array expected.

[ error ] ofxJSONElement::openLocal: Unable to parse MAU_twit/twitter.json: * Line 1, Column 1
  Syntax error: value, object or array expected.

[ error ] ofxJSONElement::openLocal: Unable to parse MAU_twit/twitter.json: * Line 1, Column 1
  Syntax error: value, object or array expected.

[notice ] ElapsedTime: 14.9958 / 342
[ error ] ofxJSONElement::openLocal: Unable to parse MAU_twit/twitter.json: * Line 1, Column 1
  Syntax error: value, object or array expected.

[ error ] ofxJSONElement::openLocal: Unable to parse MAU_twit/twitter.json: * Line 1, Column 1
  Syntax error: value, object or array expected.

[notice ] ElapsedTime: 15.0281 / 356
[ error ] ofxJSONElement::openLocal: Unable to parse MAU_twit/twitter.json: * Line 1, Column 1
  Syntax error: value, object or array expected.

[ error ] ofxJSONElement::openLocal: Unable to parse MAU_twit/twitter.json: * Line 1, Column 1
  Syntax error: value, object or array expected.

[notice ] ElapsedTime: 15.0591 / 368
[ error ] ofxJSONElement::openLocal: Unable to parse MAU_twit/twitter.json: * Line 1, Column 1
  Syntax error: value, object or array expected.

[notice ] ElapsedTime: 15.0754 / 387
[ error ] ofxJSONElement::openLocal: Unable to parse MAU_twit/twitter.json: * Line 1, Column 1
  Syntax error: value, object or array expected.

[notice ] ElapsedTime: 15.0929 / 410
[ error ] ofxJSONElement::openLocal: Unable to parse MAU_twit/twitter.json: * Line 1, Column 1
  Syntax error: value, object or array expected.

[notice ] ElapsedTime: 15.1079 / 435
[ error ] ofxJSONElement::openLocal: Unable to parse MAU_twit/twitter.json: * Line 1, Column 1
  Syntax error: value, object or array expected.

[notice ] ElapsedTime: 15.124 / 460
[ error ] ofxJSONElement::openLocal: Unable to parse MAU_twit/twitter.json: * Line 1, Column 1
  Syntax error: value, object or array expected.

[notice ] ElapsedTime: 15.1413 / 479
[ error ] ofxJSONElement::openLocal: Unable to parse MAU_twit/twitter.json: * Line 1, Column 1
  Syntax error: value, object or array expected.

[notice ] ElapsedTime: 15.1577 / 500
[ error ] ofxJSONElement::openLocal: Unable to parse MAU_twit/twitter.json: * Line 1, Column 1
  Syntax error: value, object or array expected.

[notice ] ElapsedTime: 15.1739 / 519
[ error ] ofxJSONElement::openLocal: Unable to parse MAU_twit/twitter.json: * Line 1, Column 1
  Syntax error: value, object or array expected.

[notice ] ElapsedTime: 15.195 / 543
[ error ] ofxJSONElement::openLocal: Unable to parse MAU_twit/twitter.json: * Line 1, Column 1
  Syntax error: value, object or array expected.

[notice ] ElapsedTime: 15.2085 / 564
[ error ] ofxJSONElement::openLocal: Unable to parse MAU_twit/twitter.json: * Line 1, Column 1
  Syntax error: value, object or array expected.

[notice ] ElapsedTime: 15.2283 / 584
[ error ] ofxJSONElement::openLocal: Unable to parse MAU_twit/twitter.json: * Line 1, Column 1
  Syntax error: value, object or array expected.

[notice ] ElapsedTime: 15.2402 / 598
[ error ] ofxJSONElement::openLocal: Unable to parse MAU_twit/twitter.json: * Line 1, Column 1
  Syntax error: value, object or array expected.

[notice ] ElapsedTime: 15.2616 / 610
[ error ] ofxJSONElement::openLocal: Unable to parse MAU_twit/twitter.json: * Line 1, Column 1
  Syntax error: value, object or array expected.

[notice ] ElapsedTime: 15.2743 / 620
[ error ] ofxJSONElement::openLocal: Unable to parse MAU_twit/twitter.json: * Line 1, Column 1
  Syntax error: value, object or array expected.

[notice ] ElapsedTime: 15.2949 / 623
[ error ] ofxJSONElement::openLocal: Unable to parse MAU_twit/twitter.json: * Line 1, Column 1
  Syntax error: value, object or array expected.

[notice ] ElapsedTime: 15.3068 / 624
[ error ] ofxJSONElement::openLocal: Unable to parse MAU_twit/twitter.json: * Line 1, Column 1
  Syntax error: value, object or array expected.

[notice ] ElapsedTime: 15.3275 / 625
[ error ] ofxJSONElement::openLocal: Unable to parse MAU_twit/twitter.json: * Line 1, Column 1
  Syntax error: value, object or array expected.

[notice ] ElapsedTime: 15.3415 / 625
[ error ] ofxJSONElement::openLocal: Unable to parse MAU_twit/twitter.json: * Line 1, Column 1
  Syntax error: value, object or array expected.

[ error ] ofxJSONElement::openLocal: Unable to parse MAU_twit/twitter.json: * Line 1, Column 1
  Syntax error: value, object or array expected.

[ error ] ofxJSONElement::openLocal: Unable to parse MAU_twit/twitter.json: * Line 1, Column 1
  Syntax error: value, object or array expected.

[ error ] ofxJSONElement::openLocal: Unable to parse MAU_twit/twitter.json: * Line 1, Column 1
  Syntax error: value, object or array expected.

[ error ] ofxJSONElement::openLocal: Unable to parse MAU_twit/twitter.json: * Line 1, Column 1
  Syntax error: value, object or array expected.

[ error ] ofxJSONElement::openLocal: Unable to parse MAU_twit/twitter.json: * Line 1, Column 1
  Syntax error: value, object or array expected.

[ error ] ofxJSONElement::openLocal: Unable to parse MAU_twit/twitter.json: * Line 1, Column 1
  Syntax error: value, object or array expected.

[ error ] ofxJSONElement::openLocal: Unable to parse MAU_twit/twitter.json: * Line 1, Column 1
  Syntax error: value, object or array expected.

[ error ] ofxJSONElement::openLocal: Unable to parse MAU_twit/twitter.json: * Line 1, Column 1
  Syntax error: value, object or array expected.

[ error ] ofxJSONElement::openLocal: Unable to parse MAU_twit/twitter.json: * Line 1, Column 1
  Syntax error: value, object or array expected.

[ error ] ofxJSONElement::openLocal: Unable to parse MAU_twit/twitter.json: * Line 1, Column 1
  Syntax error: value, object or array expected.

[ error ] ofxJSONElement::openLocal: Unable to parse MAU_twit/twitter.json: * Line 1, Column 1
  Syntax error: value, object or array expected.

[ error ] ofxJSONElement::openLocal: Unable to parse MAU_twit/twitter.json: * Line 1, Column 1
  Syntax error: value, object or array expected.

[ error ] ofxJSONElement::openLocal: Unable to parse MAU_twit/twitter.json: * Line 1, Column 1
  Syntax error: value, object or array expected.

[ error ] ofxJSONElement::openLocal: Unable to parse MAU_twit/twitter.json: * Line 1, Column 1
  Syntax error: value, object or array expected.

[ error ] ofxJSONElement::openLocal: Unable to parse MAU_twit/twitter.json: * Line 1, Column 1
  Syntax error: value, object or array expected.

[ error ] ofxJSONElement::openLocal: Unable to parse MAU_twit/twitter.json: * Line 1, Column 1
  Syntax error: value, object or array expected.

[ error ] ofxJSONElement::openLocal: Unable to parse MAU_twit/twitter.json: * Line 1, Column 1
  Syntax error: value, object or array expected.

[ error ] ofxJSONElement::openLocal: Unable to parse MAU_twit/twitter.json: * Line 1, Column 1
  Syntax error: value, object or array expected.

[ error ] ofxJSONElement::openLocal: Unable to parse MAU_twit/twitter.json: * Line 1, Column 1
  Syntax error: value, object or array expected.

[ error ] ofxJSONElement::openLocal: Unable to parse MAU_twit/twitter.json: * Line 1, Column 1
  Syntax error: value, object or array expected.

[ error ] ofxJSONElement::openLocal: Unable to parse MAU_twit/twitter.json: * Line 1, Column 1
  Syntax error: value, object or array expected.

[ error ] ofxJSONElement::openLocal: Unable to parse MAU_twit/twitter.json: * Line 1, Column 1
  Syntax error: value, object or array expected.

[ error ] ofxJSONElement::openLocal: Unable to parse MAU_twit/twitter.json: * Line 1, Column 1
  Syntax error: value, object or array expected.

[ error ] ofxJSONElement::openLocal: Unable to parse MAU_twit/twitter.json: * Line 1, Column 1
  Syntax error: value, object or array expected.

[ error ] ofxJSONElement::openLocal: Unable to parse MAU_twit/twitter.json: * Line 1, Column 1
  Syntax error: value, object or array expected.

[ error ] ofxJSONElement::openLocal: Unable to parse MAU_twit/twitter.json: * Line 1, Column 1
  Syntax error: value, object or array expected.

[ error ] ofxJSONElement::openLocal: Unable to parse MAU_twit/twitter.json: * Line 1, Column 1
  Syntax error: value, object or array expected.

[ error ] ofxJSONElement::openLocal: Unable to parse MAU_twit/twitter.json: * Line 1, Column 1
  Syntax error: value, object or array expected.

[ error ] ofxJSONElement::openLocal: Unable to parse MAU_twit/twitter.json: * Line 1, Column 1
  Syntax error: value, object or array expected.

[ error ] ofxJSONElement::openLocal: Unable to parse MAU_twit/twitter.json: * Line 1, Column 1
  Syntax error: value, object or array expected.

[ error ] ofxJSONElement::openLocal: Unable to parse MAU_twit/twitter.json: * Line 1, Column 1
  Syntax error: value, object or array expected.

[ error ] ofxJSONElement::openLocal: Unable to parse MAU_twit/twitter.json: * Line 1, Column 1
  Syntax error: value, object or array expected.

[ error ] ofxJSONElement::openLocal: Unable to parse MAU_twit/twitter.json: * Line 1, Column 1
  Syntax error: value, object or array expected.

[ error ] ofxJSONElement::openLocal: Unable to parse MAU_twit/twitter.json: * Line 1, Column 1
  Syntax error: value, object or array expected.

[ error ] ofxJSONElement::openLocal: Unable to parse MAU_twit/twitter.json: * Line 1, Column 1
  Syntax error: value, object or array expected.

[ error ] ofxJSONElement::openLocal: Unable to parse MAU_twit/twitter.json: * Line 1, Column 1
  Syntax error: value, object or array expected.

[ error ] ofxJSONElement::openLocal: Unable to parse MAU_twit/twitter.json: * Line 1, Column 1
  Syntax error: value, object or array expected.

[ error ] ofxJSONElement::openLocal: Unable to parse MAU_twit/twitter.json: * Line 1, Column 1
  Syntax error: value, object or array expected.

[ error ] ofxJSONElement::openLocal: Unable to parse MAU_twit/twitter.json: * Line 1, Column 1
  Syntax error: value, object or array expected.

[ error ] ofxJSONElement::openLocal: Unable to parse MAU_twit/twitter.json: * Line 1, Column 1
  Syntax error: value, object or array expected.

[ error ] ofxJSONElement::openLocal: Unable to parse MAU_twit/twitter.json: * Line 1, Column 1
  Syntax error: value, object or array expected.

[ error ] ofxJSONElement::openLocal: Unable to parse MAU_twit/twitter.json: * Line 1, Column 1
  Syntax error: value, object or array expected.

[ error ] ofxJSONElement::openLocal: Unable to parse MAU_twit/twitter.json: * Line 1, Column 1
  Syntax error: value, object or array expected.

[ error ] ofxJSONElement::openLocal: Unable to parse MAU_twit/twitter.json: * Line 1, Column 1
  Syntax error: value, object or array expected.

[ error ] ofxJSONElement::openLocal: Unable to parse MAU_twit/twitter.json: * Line 1, Column 1
  Syntax error: value, object or array expected.

[ error ] ofxJSONElement::openLocal: Unable to parse MAU_twit/twitter.json: * Line 1, Column 1
  Syntax error: value, object or array expected.

[ error ] ofxJSONElement::openLocal: Unable to parse MAU_twit/twitter.json: * Line 1, Column 1
  Syntax error: value, object or array expected.

[ error ] ofxJSONElement::openLocal: Unable to parse MAU_twit/twitter.json: * Line 1, Column 1
  Syntax error: value, object or array expected.

[ error ] ofxJSONElement::openLocal: Unable to parse MAU_twit/twitter.json: * Line 1, Column 1
  Syntax error: value, object or array expected.

[ error ] ofxJSONElement::openLocal: Unable to parse MAU_twit/twitter.json: * Line 1, Column 1
  Syntax error: value, object or array expected.

[ error ] ofxJSONElement::openLocal: Unable to parse MAU_twit/twitter.json: * Line 1, Column 1
  Syntax error: value, object or array expected.

[ error ] ofxJSONElement::openLocal: Unable to parse MAU_twit/twitter.json: * Line 1, Column 1
  Syntax error: value, object or array expected.

[ error ] ofxJSONElement::openLocal: Unable to parse MAU_twit/twitter.json: * Line 1, Column 1
  Syntax error: value, object or array expected.

[ error ] ofxJSONElement::openLocal: Unable to parse MAU_twit/twitter.json: * Line 1, Column 1
  Syntax error: value, object or array expected.

[ error ] ofxJSONElement::openLocal: Unable to parse MAU_twit/twitter.json: * Line 1, Column 1
  Syntax error: value, object or array expected.

[ error ] ofxJSONElement::openLocal: Unable to parse MAU_twit/twitter.json: * Line 1, Column 1
  Syntax error: value, object or array expected.

[ error ] ofxJSONElement::openLocal: Unable to parse MAU_twit/twitter.json: * Line 1, Column 1
  Syntax error: value, object or array expected.

[ error ] ofxJSONElement::openLocal: Unable to parse MAU_twit/twitter.json: * Line 1, Column 1
  Syntax error: value, object or array expected.

[ error ] ofxJSONElement::openLocal: Unable to parse MAU_twit/twitter.json: * Line 1, Column 1
  Syntax error: value, object or array expected.

[ error ] ofxJSONElement::openLocal: Unable to parse MAU_twit/twitter.json: * Line 1, Column 1
  Syntax error: value, object or array expected.

[ error ] ofxJSONElement::openLocal: Unable to parse MAU_twit/twitter.json: * Line 1, Column 1
  Syntax error: value, object or array expected.

[ error ] ofxJSONElement::openLocal: Unable to parse MAU_twit/twitter.json: * Line 1, Column 1
  Syntax error: value, object or array expected.

[ error ] ofxJSONElement::openLocal: Unable to parse MAU_twit/twitter.json: * Line 1, Column 1
  Syntax error: value, object or array expected.

[ error ] ofxJSONElement::openLocal: Unable to parse MAU_twit/twitter.json: * Line 1, Column 1
  Syntax error: value, object or array expected.

[ error ] ofxJSONElement::openLocal: Unable to parse MAU_twit/twitter.json: * Line 1, Column 1
  Syntax error: value, object or array expected.

[ error ] ofxJSONElement::openLocal: Unable to parse MAU_twit/twitter.json: * Line 1, Column 1
  Syntax error: value, object or array expected.

[ error ] ofxJSONElement::openLocal: Unable to parse MAU_twit/twitter.json: * Line 1, Column 1
  Syntax error: value, object or array expected.

[ error ] ofxJSONElement::openLocal: Unable to parse MAU_twit/twitter.json: * Line 1, Column 1
  Syntax error: value, object or array expected.

[ error ] ofxJSONElement::openLocal: Unable to parse MAU_twit/twitter.json: * Line 1, Column 1
  Syntax error: value, object or array expected.

[ error ] ofxJSONElement::openLocal: Unable to parse MAU_twit/twitter.json: * Line 1, Column 1
  Syntax error: value, object or array expected.

[ error ] ofxJSONElement::openLocal: Unable to parse MAU_twit/twitter.json: * Line 1, Column 1
  Syntax error: value, object or array expected.

[ error ] ofxJSONElement::openLocal: Unable to parse MAU_twit/twitter.json: * Line 1, Column 1
  Syntax error: value, object or array expected.

[ error ] ofxJSONElement::openLocal: Unable to parse MAU_twit/twitter.json: * Line 1, Column 1
  Syntax error: value, object or array expected.

[ error ] ofxJSONElement::openLocal: Unable to parse MAU_twit/twitter.json: * Line 1, Column 1
  Syntax error: value, object or array expected.

[ error ] ofxJSONElement::openLocal: Unable to parse MAU_twit/twitter.json: * Line 1, Column 1
  Syntax error: value, object or array expected.

[ error ] ofxJSONElement::openLocal: Unable to parse MAU_twit/twitter.json: * Line 1, Column 1
  Syntax error: value, object or array expected.

[ error ] ofxJSONElement::openLocal: Unable to parse MAU_twit/twitter.json: * Line 1, Column 1
  Syntax error: value, object or array expected.

[ error ] ofxJSONElement::openLocal: Unable to parse MAU_twit/twitter.json: * Line 1, Column 1
  Syntax error: value, object or array expected.

[ error ] ofxJSONElement::openLocal: Unable to parse MAU_twit/twitter.json: * Line 1, Column 1
  Syntax error: value, object or array expected.

[ error ] ofxJSONElement::openLocal: Unable to parse MAU_twit/twitter.json: * Line 1, Column 1
  Syntax error: value, object or array expected.

[ error ] ofxJSONElement::openLocal: Unable to parse MAU_twit/twitter.json: * Line 1, Column 1
  Syntax error: value, object or array expected.

[ error ] ofxJSONElement::openLocal: Unable to parse MAU_twit/twitter.json: * Line 1, Column 1
  Syntax error: value, object or array expected.

[ error ] ofxJSONElement::openLocal: Unable to parse MAU_twit/twitter.json: * Line 1, Column 1
  Syntax error: value, object or array expected.

[ error ] ofxJSONElement::openLocal: Unable to parse MAU_twit/twitter.json: * Line 1, Column 1
  Syntax error: value, object or array expected.

[ error ] ofxJSONElement::openLocal: Unable to parse MAU_twit/twitter.json: * Line 1, Column 1
  Syntax error: value, object or array expected.

[ error ] ofxJSONElement::openLocal: Unable to parse MAU_twit/twitter.json: * Line 1, Column 1
  Syntax error: value, object or array expected.

[ error ] ofxJSONElement::openLocal: Unable to parse MAU_twit/twitter.json: * Line 1, Column 1
  Syntax error: value, object or array expected.

[ error ] ofxJSONElement::openLocal: Unable to parse MAU_twit/twitter.json: * Line 1, Column 1
  Syntax error: value, object or array expected.

[ error ] ofxJSONElement::openLocal: Unable to parse MAU_twit/twitter.json: * Line 1, Column 1
  Syntax error: value, object or array expected.

[ error ] ofxJSONElement::openLocal: Unable to parse MAU_twit/twitter.json: * Line 1, Column 1
  Syntax error: value, object or array expected.

[ error ] ofxJSONElement::openLocal: Unable to parse MAU_twit/twitter.json: * Line 1, Column 1
  Syntax error: value, object or array expected.

[ error ] ofxJSONElement::openLocal: Unable to parse MAU_twit/twitter.json: * Line 1, Column 1
  Syntax error: value, object or array expected.

[ error ] ofxJSONElement::openLocal: Unable to parse MAU_twit/twitter.json: * Line 1, Column 1
  Syntax error: value, object or array expected.

[ error ] ofxJSONElement::openLocal: Unable to parse MAU_twit/twitter.json: * Line 1, Column 1
  Syntax error: value, object or array expected.

[ error ] ofxJSONElement::openLocal: Unable to parse MAU_twit/twitter.json: * Line 1, Column 1
  Syntax error: value, object or array expected.

[ error ] ofxJSONElement::openLocal: Unable to parse MAU_twit/twitter.json: * Line 1, Column 1
  Syntax error: value, object or array expected.

[ error ] ofxJSONElement::openLocal: Unable to parse MAU_twit/twitter.json: * Line 1, Column 1
  Syntax error: value, object or array expected.

[ error ] ofxJSONElement::openLocal: Unable to parse MAU_twit/twitter.json: * Line 1, Column 1
  Syntax error: value, object or array expected.

[ error ] ofxJSONElement::openLocal: Unable to parse MAU_twit/twitter.json: * Line 1, Column 1
  Syntax error: value, object or array expected.

[ error ] ofxJSONElement::openLocal: Unable to parse MAU_twit/twitter.json: * Line 1, Column 1
  Syntax error: value, object or array expected.

[ error ] ofxJSONElement::openLocal: Unable to parse MAU_twit/twitter.json: * Line 1, Column 1
  Syntax error: value, object or array expected.

[ error ] ofxJSONElement::openLocal: Unable to parse MAU_twit/twitter.json: * Line 1, Column 1
  Syntax error: value, object or array expected.

[ error ] ofxJSONElement::openLocal: Unable to parse MAU_twit/twitter.json: * Line 1, Column 1
  Syntax error: value, object or array expected.

[ error ] ofxJSONElement::openLocal: Unable to parse MAU_twit/twitter.json: * Line 1, Column 1
  Syntax error: value, object or array expected.

[ error ] ofxJSONElement::openLocal: Unable to parse MAU_twit/twitter.json: * Line 1, Column 1
  Syntax error: value, object or array expected.

[ error ] ofxJSONElement::openLocal: Unable to parse MAU_twit/twitter.json: * Line 1, Column 1
  Syntax error: value, object or array expected.

[ error ] ofxJSONElement::openLocal: Unable to parse MAU_twit/twitter.json: * Line 1, Column 1
  Syntax error: value, object or array expected.

[ error ] ofxJSONElement::openLocal: Unable to parse MAU_twit/twitter.json: * Line 1, Column 1
  Syntax error: value, object or array expected.

[ error ] ofxJSONElement::openLocal: Unable to parse MAU_twit/twitter.json: * Line 1, Column 1
  Syntax error: value, object or array expected.

[ error ] ofxJSONElement::openLocal: Unable to parse MAU_twit/twitter.json: * Line 1, Column 1
  Syntax error: value, object or array expected.

[ error ] ofxJSONElement::openLocal: Unable to parse MAU_twit/twitter.json: * Line 1, Column 1
  Syntax error: value, object or array expected.

[ error ] ofxJSONElement::openLocal: Unable to parse MAU_twit/twitter.json: * Line 1, Column 1
  Syntax error: value, object or array expected.

[ error ] ofxJSONElement::openLocal: Unable to parse MAU_twit/twitter.json: * Line 1, Column 1
  Syntax error: value, object or array expected.

[ error ] ofxJSONElement::openLocal: Unable to parse MAU_twit/twitter.json: * Line 1, Column 1
  Syntax error: value, object or array expected.

[ error ] ofxJSONElement::openLocal: Unable to parse MAU_twit/twitter.json: * Line 1, Column 1
  Syntax error: value, object or array expected.

[ error ] ofxJSONElement::openLocal: Unable to parse MAU_twit/twitter.json: * Line 1, Column 1
  Syntax error: value, object or array expected.

[ error ] ofxJSONElement::openLocal: Unable to parse MAU_twit/twitter.json: * Line 1, Column 1
  Syntax error: value, object or array expected.

[ error ] ofxJSONElement::openLocal: Unable to parse MAU_twit/twitter.json: * Line 1, Column 1
  Syntax error: value, object or array expected.

[ error ] ofxJSONElement::openLocal: Unable to parse MAU_twit/twitter.json: * Line 1, Column 1
  Syntax error: value, object or array expected.

[ error ] ofxJSONElement::openLocal: Unable to parse MAU_twit/twitter.json: * Line 1, Column 1
  Syntax error: value, object or array expected.

[ error ] ofxJSONElement::openLocal: Unable to parse MAU_twit/twitter.json: * Line 1, Column 1
  Syntax error: value, object or array expected.

[ error ] ofxJSONElement::openLocal: Unable to parse MAU_twit/twitter.json: * Line 1, Column 1
  Syntax error: value, object or array expected.

[ error ] ofxJSONElement::openLocal: Unable to parse MAU_twit/twitter.json: * Line 1, Column 1
  Syntax error: value, object or array expected.

[ error ] ofxJSONElement::openLocal: Unable to parse MAU_twit/twitter.json: * Line 1, Column 1
  Syntax error: value, object or array expected.

[ error ] ofxJSONElement::openLocal: Unable to parse MAU_twit/twitter.json: * Line 1, Column 1
  Syntax error: value, object or array expected.

[ error ] ofxJSONElement::openLocal: Unable to parse MAU_twit/twitter.json: * Line 1, Column 1
  Syntax error: value, object or array expected.

