

--------------------------------------- 2015-10-07-16-18-45-094
[notice ] ElapsedTime: 25.5846 / 
{
	"contributors" : null,
	"coordinates" : null,
	"created_at" : "Wed Oct 07 07:19:09 +0000 2015",
	"entities" : 
	{
		"hashtags" : 
		[
			
			{
				"indices" : [ 0, 14 ],
				"text" : "庭から出現すると嬉しい資源"
			}
		],
		"symbols" : [],
		"urls" : [],
		"user_mentions" : []
	},
	"favorite_count" : 0,
	"favorited" : false,
	"filter_level" : "low",
	"geo" : null,
	"id" : 651658002185883600,
	"id_str" : "651658002185883648",
	"in_reply_to_screen_name" : null,
	"in_reply_to_status_id" : null,
	"in_reply_to_status_id_str" : null,
	"in_reply_to_user_id" : null,
	"in_reply_to_user_id_str" : null,
	"is_quote_status" : false,
	"lang" : "ja",
	"place" : null,
	"retweet_count" : 0,
	"retweeted" : false,
	"source" : "<a href=\"http://twitter.com/download/android\" rel=\"nofollow\">Twitter for Android</a>",
	"text" : "#庭から出現すると嬉しい資源\nレアメタル",
	"timestamp_ms" : "1444202349598",
	"truncated" : false,
	"user" : 
	{
		"contributors_enabled" : false,
		"created_at" : "Thu Jun 04 05:26:27 +0000 2015",
		"default_profile" : false,
		"default_profile_image" : false,
		"description" : "私が投稿してるもの全て無断使用無断転載禁止です。　　　　　　　　　絵かくけど信用してる方のみです。",
		"favourites_count" : 6816,
		"follow_request_sent" : null,
		"followers_count" : 528,
		"following" : null,
		"friends_count" : 496,
		"geo_enabled" : false,
		"id" : 3235768225,
		"id_str" : "3235768225",
		"is_translator" : false,
		"lang" : "ja",
		"listed_count" : 7,
		"location" : null,
		"name" : "名瀬うた子@ＪＫ裏垢",
		"notifications" : null,
		"profile_background_color" : "000000",
		"profile_background_image_url" : "http://abs.twimg.com/images/themes/theme1/bg.png",
		"profile_background_image_url_https" : "https://abs.twimg.com/images/themes/theme1/bg.png",
		"profile_background_tile" : false,
		"profile_banner_url" : "https://pbs.twimg.com/profile_banners/3235768225/1443161667",
		"profile_image_url" : "http://pbs.twimg.com/profile_images/649225749233201152/cRRrNDin_normal.jpg",
		"profile_image_url_https" : "https://pbs.twimg.com/profile_images/649225749233201152/cRRrNDin_normal.jpg",
		"profile_link_color" : "AFFFFF",
		"profile_sidebar_border_color" : "000000",
		"profile_sidebar_fill_color" : "000000",
		"profile_text_color" : "000000",
		"profile_use_background_image" : false,
		"protected" : false,
		"screen_name" : "_NVSE_",
		"statuses_count" : 1729,
		"time_zone" : "Pacific Time (US & Canada)",
		"url" : "http://twpf.jp/_NVSE_",
		"utc_offset" : -25200,
		"verified" : false
	}
}

[notice ] ElapsedTime: 28.4082 / 
{
	"contributors" : null,
	"coordinates" : null,
	"created_at" : "Wed Oct 07 07:19:13 +0000 2015",
	"entities" : 
	{
		"hashtags" : 
		[
			
			{
				"indices" : [ 0, 14 ],
				"text" : "庭から出現すると嬉しい資源"
			}
		],
		"symbols" : [],
		"urls" : [],
		"user_mentions" : []
	},
	"favorite_count" : 0,
	"favorited" : false,
	"filter_level" : "low",
	"geo" : null,
	"id" : 651658017713225700,
	"id_str" : "651658017713225728",
	"in_reply_to_screen_name" : null,
	"in_reply_to_status_id" : null,
	"in_reply_to_status_id_str" : null,
	"in_reply_to_user_id" : null,
	"in_reply_to_user_id_str" : null,
	"is_quote_status" : false,
	"lang" : "ja",
	"place" : null,
	"retweet_count" : 0,
	"retweeted" : false,
	"source" : "<a href=\"http://twitter.com/download/android\" rel=\"nofollow\">Twitter for Android</a>",
	"text" : "#庭から出現すると嬉しい資源\nシズマドライブ",
	"timestamp_ms" : "1444202353300",
	"truncated" : false,
	"user" : 
	{
		"contributors_enabled" : false,
		"created_at" : "Sun Jan 01 23:38:59 +0000 2012",
		"default_profile" : false,
		"default_profile_image" : false,
		"description" : "mugen/ニコ動/ゴジラ/ウルトラ/ライダー/ロボットアニメ/プラモ/フィギュア好き。ファボ魔。できるだけ相互フォローします。積みプラ突入中。最近は怪獣大逆襲にはまってます。",
		"favourites_count" : 7728,
		"follow_request_sent" : null,
		"followers_count" : 1150,
		"following" : null,
		"friends_count" : 2000,
		"geo_enabled" : false,
		"id" : 452528007,
		"id_str" : "452528007",
		"is_translator" : false,
		"lang" : "ja",
		"listed_count" : 6,
		"location" : null,
		"name" : "アッキー",
		"notifications" : null,
		"profile_background_color" : "C0DEED",
		"profile_background_image_url" : "http://abs.twimg.com/images/themes/theme1/bg.png",
		"profile_background_image_url_https" : "https://abs.twimg.com/images/themes/theme1/bg.png",
		"profile_background_tile" : false,
		"profile_banner_url" : "https://pbs.twimg.com/profile_banners/452528007/1435562153",
		"profile_image_url" : "http://pbs.twimg.com/profile_images/585300520979443712/Z8_zNs8b_normal.jpg",
		"profile_image_url_https" : "https://pbs.twimg.com/profile_images/585300520979443712/Z8_zNs8b_normal.jpg",
		"profile_link_color" : "ABB8C2",
		"profile_sidebar_border_color" : "C0DEED",
		"profile_sidebar_fill_color" : "DDEEF6",
		"profile_text_color" : "333333",
		"profile_use_background_image" : true,
		"protected" : false,
		"screen_name" : "nanohaganndamu",
		"statuses_count" : 3625,
		"time_zone" : "Irkutsk",
		"url" : null,
		"utc_offset" : 28800,
		"verified" : false
	}
}

[notice ] ElapsedTime: 29.9432 / 
{
	"contributors" : null,
	"coordinates" : null,
	"created_at" : "Wed Oct 07 07:19:14 +0000 2015",
	"entities" : 
	{
		"hashtags" : 
		[
			
			{
				"indices" : [ 2, 16 ],
				"text" : "庭から出現すると嬉しい資源"
			}
		],
		"symbols" : [],
		"urls" : [],
		"user_mentions" : []
	},
	"favorite_count" : 0,
	"favorited" : false,
	"filter_level" : "low",
	"geo" : null,
	"id" : 651658023962722300,
	"id_str" : "651658023962722304",
	"in_reply_to_screen_name" : null,
	"in_reply_to_status_id" : null,
	"in_reply_to_status_id_str" : null,
	"in_reply_to_user_id" : null,
	"in_reply_to_user_id_str" : null,
	"is_quote_status" : false,
	"lang" : "ja",
	"place" : null,
	"retweet_count" : 0,
	"retweeted" : false,
	"source" : "<a href=\"http://twitter.com/download/iphone\" rel=\"nofollow\">Twitter for iPhone</a>",
	"text" : "金 #庭から出現すると嬉しい資源",
	"timestamp_ms" : "1444202354790",
	"truncated" : false,
	"user" : 
	{
		"contributors_enabled" : false,
		"created_at" : "Tue Dec 11 07:52:56 +0000 2012",
		"default_profile" : false,
		"default_profile_image" : false,
		"description" : "ぼっちの成れの果て。VG、遊戯王、coj(S6ラン)、スマホゲ(ディバゲ(カナン198主)、バトルガール(みき、明日葉推)、パズドラ(初心者))、ラノベ(雑食)。",
		"favourites_count" : 377,
		"follow_request_sent" : null,
		"followers_count" : 125,
		"following" : null,
		"friends_count" : 294,
		"geo_enabled" : true,
		"id" : 1003566949,
		"id_str" : "1003566949",
		"is_translator" : false,
		"lang" : "ja",
		"listed_count" : 0,
		"location" : "大都会埼玉県",
		"name" : "こるてお村長",
		"notifications" : null,
		"profile_background_color" : "C0DEED",
		"profile_background_image_url" : "http://abs.twimg.com/images/themes/theme1/bg.png",
		"profile_background_image_url_https" : "https://abs.twimg.com/images/themes/theme1/bg.png",
		"profile_background_tile" : false,
		"profile_banner_url" : "https://pbs.twimg.com/profile_banners/1003566949/1442219409",
		"profile_image_url" : "http://pbs.twimg.com/profile_images/644323848234496000/x2u6DmYv_normal.jpg",
		"profile_image_url_https" : "https://pbs.twimg.com/profile_images/644323848234496000/x2u6DmYv_normal.jpg",
		"profile_link_color" : "1F1D1E",
		"profile_sidebar_border_color" : "C0DEED",
		"profile_sidebar_fill_color" : "DDEEF6",
		"profile_text_color" : "333333",
		"profile_use_background_image" : true,
		"protected" : false,
		"screen_name" : "zouhyou0525",
		"statuses_count" : 11949,
		"time_zone" : null,
		"url" : null,
		"utc_offset" : null,
		"verified" : false
	}
}

[notice ] ElapsedTime: 30.1066 / 
{
	"contributors" : null,
	"coordinates" : null,
	"created_at" : "Wed Oct 07 07:19:15 +0000 2015",
	"entities" : 
	{
		"hashtags" : 
		[
			
			{
				"indices" : [ 20, 34 ],
				"text" : "庭から出現すると嬉しい資源"
			}
		],
		"media" : 
		[
			
			{
				"display_url" : "pic.twitter.com/rjAXRzaGhH",
				"expanded_url" : "http://twitter.com/TokyoZooNet_PR/status/651655403160268800/photo/1",
				"id" : 651655401671229400,
				"id_str" : "651655401671229441",
				"indices" : [ 45, 67 ],
				"media_url" : "http://pbs.twimg.com/media/CQslIpyUAAEyutD.jpg",
				"media_url_https" : "https://pbs.twimg.com/media/CQslIpyUAAEyutD.jpg",
				"sizes" : 
				{
					"large" : 
					{
						"h" : 365,
						"resize" : "fit",
						"w" : 550
					},
					"medium" : 
					{
						"h" : 365,
						"resize" : "fit",
						"w" : 550
					},
					"small" : 
					{
						"h" : 225,
						"resize" : "fit",
						"w" : 340
					},
					"thumb" : 
					{
						"h" : 150,
						"resize" : "crop",
						"w" : 150
					}
				},
				"source_status_id" : 651655403160268800,
				"source_status_id_str" : "651655403160268800",
				"source_user_id" : 1076058583,
				"source_user_id_str" : "1076058583",
				"type" : "photo",
				"url" : "http://t.co/rjAXRzaGhH"
			}
		],
		"symbols" : [],
		"urls" : [],
		"user_mentions" : 
		[
			
			{
				"id" : 1076058583,
				"id_str" : "1076058583",
				"indices" : [ 3, 18 ],
				"name" : "東京ズーネット［公式］",
				"screen_name" : "TokyoZooNet_PR"
			}
		]
	},
	"extended_entities" : 
	{
		"media" : 
		[
			
			{
				"display_url" : "pic.twitter.com/rjAXRzaGhH",
				"expanded_url" : "http://twitter.com/TokyoZooNet_PR/status/651655403160268800/photo/1",
				"id" : 651655401671229400,
				"id_str" : "651655401671229441",
				"indices" : [ 45, 67 ],
				"media_url" : "http://pbs.twimg.com/media/CQslIpyUAAEyutD.jpg",
				"media_url_https" : "https://pbs.twimg.com/media/CQslIpyUAAEyutD.jpg",
				"sizes" : 
				{
					"large" : 
					{
						"h" : 365,
						"resize" : "fit",
						"w" : 550
					},
					"medium" : 
					{
						"h" : 365,
						"resize" : "fit",
						"w" : 550
					},
					"small" : 
					{
						"h" : 225,
						"resize" : "fit",
						"w" : 340
					},
					"thumb" : 
					{
						"h" : 150,
						"resize" : "crop",
						"w" : 150
					}
				},
				"source_status_id" : 651655403160268800,
				"source_status_id_str" : "651655403160268800",
				"source_user_id" : 1076058583,
				"source_user_id_str" : "1076058583",
				"type" : "photo",
				"url" : "http://t.co/rjAXRzaGhH"
			}
		]
	},
	"favorite_count" : 0,
	"favorited" : false,
	"filter_level" : "low",
	"geo" : null,
	"id" : 651658025204252700,
	"id_str" : "651658025204252672",
	"in_reply_to_screen_name" : null,
	"in_reply_to_status_id" : null,
	"in_reply_to_status_id_str" : null,
	"in_reply_to_user_id" : null,
	"in_reply_to_user_id_str" : null,
	"is_quote_status" : false,
	"lang" : "ja",
	"place" : null,
	"possibly_sensitive" : false,
	"retweet_count" : 0,
	"retweeted" : false,
	"retweeted_status" : 
	{
		"contributors" : null,
		"coordinates" : null,
		"created_at" : "Wed Oct 07 07:08:49 +0000 2015",
		"entities" : 
		{
			"hashtags" : 
			[
				
				{
					"indices" : [ 0, 14 ],
					"text" : "庭から出現すると嬉しい資源"
				}
			],
			"media" : 
			[
				
				{
					"display_url" : "pic.twitter.com/rjAXRzaGhH",
					"expanded_url" : "http://twitter.com/TokyoZooNet_PR/status/651655403160268800/photo/1",
					"id" : 651655401671229400,
					"id_str" : "651655401671229441",
					"indices" : [ 25, 47 ],
					"media_url" : "http://pbs.twimg.com/media/CQslIpyUAAEyutD.jpg",
					"media_url_https" : "https://pbs.twimg.com/media/CQslIpyUAAEyutD.jpg",
					"sizes" : 
					{
						"large" : 
						{
							"h" : 365,
							"resize" : "fit",
							"w" : 550
						},
						"medium" : 
						{
							"h" : 365,
							"resize" : "fit",
							"w" : 550
						},
						"small" : 
						{
							"h" : 225,
							"resize" : "fit",
							"w" : 340
						},
						"thumb" : 
						{
							"h" : 150,
							"resize" : "crop",
							"w" : 150
						}
					},
					"type" : "photo",
					"url" : "http://t.co/rjAXRzaGhH"
				}
			],
			"symbols" : [],
			"urls" : [],
			"user_mentions" : []
		},
		"extended_entities" : 
		{
			"media" : 
			[
				
				{
					"display_url" : "pic.twitter.com/rjAXRzaGhH",
					"expanded_url" : "http://twitter.com/TokyoZooNet_PR/status/651655403160268800/photo/1",
					"id" : 651655401671229400,
					"id_str" : "651655401671229441",
					"indices" : [ 25, 47 ],
					"media_url" : "http://pbs.twimg.com/media/CQslIpyUAAEyutD.jpg",
					"media_url_https" : "https://pbs.twimg.com/media/CQslIpyUAAEyutD.jpg",
					"sizes" : 
					{
						"large" : 
						{
							"h" : 365,
							"resize" : "fit",
							"w" : 550
						},
						"medium" : 
						{
							"h" : 365,
							"resize" : "fit",
							"w" : 550
						},
						"small" : 
						{
							"h" : 225,
							"resize" : "fit",
							"w" : 340
						},
						"thumb" : 
						{
							"h" : 150,
							"resize" : "crop",
							"w" : 150
						}
					},
					"type" : "photo",
					"url" : "http://t.co/rjAXRzaGhH"
				}
			]
		},
		"favorite_count" : 58,
		"favorited" : false,
		"filter_level" : "low",
		"geo" : null,
		"id" : 651655403160268800,
		"id_str" : "651655403160268800",
		"in_reply_to_screen_name" : null,
		"in_reply_to_status_id" : null,
		"in_reply_to_status_id_str" : null,
		"in_reply_to_user_id" : null,
		"in_reply_to_user_id_str" : null,
		"is_quote_status" : false,
		"lang" : "ja",
		"place" : null,
		"possibly_sensitive" : false,
		"retweet_count" : 68,
		"retweeted" : false,
		"source" : "<a href=\"http://twitter.com\" rel=\"nofollow\">Twitter Web Client</a>",
		"text" : "#庭から出現すると嬉しい資源\n\n以前埋めたクルミ http://t.co/rjAXRzaGhH",
		"truncated" : false,
		"user" : 
		{
			"contributors_enabled" : false,
			"created_at" : "Thu Jan 10 08:36:41 +0000 2013",
			"default_profile" : false,
			"default_profile_image" : false,
			"description" : "上野動物園・多摩動物公園・葛西臨海水族園・井の頭自然文化園の公式サイト、それが東京ズーネット。中のヒトの事務所は上野動物園内。",
			"favourites_count" : 4920,
			"follow_request_sent" : null,
			"followers_count" : 56167,
			"following" : null,
			"friends_count" : 29643,
			"geo_enabled" : false,
			"id" : 1076058583,
			"id_str" : "1076058583",
			"is_translator" : false,
			"lang" : "ja",
			"listed_count" : 1649,
			"location" : null,
			"name" : "東京ズーネット［公式］",
			"notifications" : null,
			"profile_background_color" : "EBEBEB",
			"profile_background_image_url" : "http://pbs.twimg.com/profile_background_images/378800000101357888/ce800fc3fc4dc978339b5e30c6e97dc1.gif",
			"profile_background_image_url_https" : "https://pbs.twimg.com/profile_background_images/378800000101357888/ce800fc3fc4dc978339b5e30c6e97dc1.gif",
			"profile_background_tile" : false,
			"profile_banner_url" : "https://pbs.twimg.com/profile_banners/1076058583/1418623881",
			"profile_image_url" : "http://pbs.twimg.com/profile_images/634565443307462656/Sj7ks1mK_normal.jpg",
			"profile_image_url_https" : "https://pbs.twimg.com/profile_images/634565443307462656/Sj7ks1mK_normal.jpg",
			"profile_link_color" : "009999",
			"profile_sidebar_border_color" : "FFFFFF",
			"profile_sidebar_fill_color" : "DDEEF6",
			"profile_text_color" : "333333",
			"profile_use_background_image" : true,
			"protected" : false,
			"screen_name" : "TokyoZooNet_PR",
			"statuses_count" : 14264,
			"time_zone" : "Tokyo",
			"url" : "http://www.tokyo-zoo.net/",
			"utc_offset" : 32400,
			"verified" : true
		}
	},
	"source" : "<a href=\"http://twitter.com\" rel=\"nofollow\">Twitter Web Client</a>",
	"text" : "RT @TokyoZooNet_PR: #庭から出現すると嬉しい資源\n\n以前埋めたクルミ http://t.co/rjAXRzaGhH",
	"timestamp_ms" : "1444202355086",
	"truncated" : false,
	"user" : 
	{
		"contributors_enabled" : false,
		"created_at" : "Fri Feb 03 08:03:03 +0000 2012",
		"default_profile" : false,
		"default_profile_image" : false,
		"description" : "BUMP OF CHICKEN が大好きです",
		"favourites_count" : 9229,
		"follow_request_sent" : null,
		"followers_count" : 220,
		"following" : null,
		"friends_count" : 997,
		"geo_enabled" : false,
		"id" : 481862831,
		"id_str" : "481862831",
		"is_translator" : false,
		"lang" : "ja",
		"listed_count" : 2,
		"location" : "Japan",
		"name" : "いか食ぱん",
		"notifications" : null,
		"profile_background_color" : "EDECE9",
		"profile_background_image_url" : "http://pbs.twimg.com/profile_background_images/378800000087358267/0b34d156214969835823cdcfdc7d6f83.jpeg",
		"profile_background_image_url_https" : "https://pbs.twimg.com/profile_background_images/378800000087358267/0b34d156214969835823cdcfdc7d6f83.jpeg",
		"profile_background_tile" : false,
		"profile_banner_url" : "https://pbs.twimg.com/profile_banners/481862831/1380824721",
		"profile_image_url" : "http://pbs.twimg.com/profile_images/378800000534462367/5043da94c131cf74f565d8c4123b0abd_normal.jpeg",
		"profile_image_url_https" : "https://pbs.twimg.com/profile_images/378800000534462367/5043da94c131cf74f565d8c4123b0abd_normal.jpeg",
		"profile_link_color" : "CCAA74",
		"profile_sidebar_border_color" : "FFFFFF",
		"profile_sidebar_fill_color" : "FFFFFF",
		"profile_text_color" : "333333",
		"profile_use_background_image" : false,
		"protected" : false,
		"screen_name" : "sankakubikini",
		"statuses_count" : 8004,
		"time_zone" : "Irkutsk",
		"url" : null,
		"utc_offset" : 28800,
		"verified" : false
	}
}

[notice ] ElapsedTime: 30.7694 / 
{
	"contributors" : null,
	"coordinates" : null,
	"created_at" : "Wed Oct 07 07:19:15 +0000 2015",
	"entities" : 
	{
		"hashtags" : 
		[
			
			{
				"indices" : [ 0, 14 ],
				"text" : "庭から出現すると嬉しい資源"
			}
		],
		"symbols" : [],
		"urls" : [],
		"user_mentions" : []
	},
	"favorite_count" : 0,
	"favorited" : false,
	"filter_level" : "low",
	"geo" : null,
	"id" : 651658026999545900,
	"id_str" : "651658026999545856",
	"in_reply_to_screen_name" : null,
	"in_reply_to_status_id" : null,
	"in_reply_to_status_id_str" : null,
	"in_reply_to_user_id" : null,
	"in_reply_to_user_id_str" : null,
	"is_quote_status" : false,
	"lang" : "ja",
	"place" : null,
	"retweet_count" : 0,
	"retweeted" : false,
	"source" : "<a href=\"https://about.twitter.com/products/tweetdeck\" rel=\"nofollow\">TweetDeck</a>",
	"text" : "#庭から出現すると嬉しい資源\n\n①　石油\n②　石油\n③　石油",
	"timestamp_ms" : "1444202355514",
	"truncated" : false,
	"user" : 
	{
		"contributors_enabled" : false,
		"created_at" : "Thu Aug 06 17:34:37 +0000 2009",
		"default_profile" : false,
		"default_profile_image" : false,
		"description" : "日本と世界の平和を願うお爺ちゃんです。とてもよくスベります。猫が大好きです。メンタルは弱め。フリーSE。#インターネット老人会 #吾輩は猫になりたい #Monacoin 所属 /アニメ/天鳳/大相撲/モータースポーツ/仮想通貨/IT技術/政経/鉄道航空宇宙軍事/ ～#あすたろう音楽大好き～",
		"favourites_count" : 11175,
		"follow_request_sent" : null,
		"followers_count" : 1032,
		"following" : null,
		"friends_count" : 821,
		"geo_enabled" : false,
		"id" : 63489836,
		"id_str" : "63489836",
		"is_translator" : false,
		"lang" : "ja",
		"listed_count" : 30,
		"location" : "(・ヮ・｀)　たいようけい　ちきゅう　にっぽん",
		"name" : "キリトロウ",
		"notifications" : null,
		"profile_background_color" : "000000",
		"profile_background_image_url" : "http://pbs.twimg.com/profile_background_images/641446693473525760/4H6Tb1Ls.jpg",
		"profile_background_image_url_https" : "https://pbs.twimg.com/profile_background_images/641446693473525760/4H6Tb1Ls.jpg",
		"profile_background_tile" : true,
		"profile_banner_url" : "https://pbs.twimg.com/profile_banners/63489836/1436684010",
		"profile_image_url" : "http://pbs.twimg.com/profile_images/621474089274769408/s2Zszg0I_normal.png",
		"profile_image_url_https" : "https://pbs.twimg.com/profile_images/621474089274769408/s2Zszg0I_normal.png",
		"profile_link_color" : "4A913C",
		"profile_sidebar_border_color" : "000000",
		"profile_sidebar_fill_color" : "000000",
		"profile_text_color" : "000000",
		"profile_use_background_image" : true,
		"protected" : false,
		"screen_name" : "Asutaro_JP",
		"statuses_count" : 15352,
		"time_zone" : "Tokyo",
		"url" : null,
		"utc_offset" : 32400,
		"verified" : false
	}
}

[notice ] ElapsedTime: 31.7915 / 
{
	"contributors" : null,
	"coordinates" : null,
	"created_at" : "Wed Oct 07 07:19:16 +0000 2015",
	"entities" : 
	{
		"hashtags" : 
		[
			
			{
				"indices" : [ 0, 14 ],
				"text" : "庭から出現すると嬉しい資源"
			}
		],
		"symbols" : [],
		"urls" : [],
		"user_mentions" : []
	},
	"favorite_count" : 0,
	"favorited" : false,
	"filter_level" : "low",
	"geo" : null,
	"id" : 651658031831191600,
	"id_str" : "651658031831191552",
	"in_reply_to_screen_name" : null,
	"in_reply_to_status_id" : null,
	"in_reply_to_status_id_str" : null,
	"in_reply_to_user_id" : null,
	"in_reply_to_user_id_str" : null,
	"is_quote_status" : false,
	"lang" : "ja",
	"place" : null,
	"retweet_count" : 0,
	"retweeted" : false,
	"source" : "<a href=\"http://twitter.com/download/iphone\" rel=\"nofollow\">Twitter for iPhone</a>",
	"text" : "#庭から出現すると嬉しい資源\nフランの羽が欲しいです(切実)\n攻撃力15ぐらいの剣とかピッケルとか作れそう",
	"timestamp_ms" : "1444202356666",
	"truncated" : false,
	"user" : 
	{
		"contributors_enabled" : false,
		"created_at" : "Sun Jan 29 05:25:05 +0000 2012",
		"default_profile" : false,
		"default_profile_image" : false,
		"description" : "マジで、マジでイラスト修行中、アドバイスよろ！/ゆっくり実況やってます、「想像力をロストした人のマインクラフト」で検索!!/残念ながらフランは俺の嫁だ！おっと、キービィちゃんも俺の嫁だ!! ルーミア？ 俺だ！ /守備範囲、カービィ･マイクラ･キングダムハーツ･東方･日常･ぷよぷよなど/東方玉神楽ID:46917",
		"favourites_count" : 249,
		"follow_request_sent" : null,
		"followers_count" : 54,
		"following" : null,
		"friends_count" : 74,
		"geo_enabled" : false,
		"id" : 477422584,
		"id_str" : "477422584",
		"is_translator" : false,
		"lang" : "ja",
		"listed_count" : 3,
		"location" : "朱サバのファミマ地区を北に進んだドット絵地帯",
		"name" : "きいろだま@イラストガチ練習中！",
		"notifications" : null,
		"profile_background_color" : "000000",
		"profile_background_image_url" : "http://abs.twimg.com/images/themes/theme15/bg.png",
		"profile_background_image_url_https" : "https://abs.twimg.com/images/themes/theme15/bg.png",
		"profile_background_tile" : false,
		"profile_banner_url" : "https://pbs.twimg.com/profile_banners/477422584/1443790245",
		"profile_image_url" : "http://pbs.twimg.com/profile_images/650685105615147008/95kEXDRR_normal.jpg",
		"profile_image_url_https" : "https://pbs.twimg.com/profile_images/650685105615147008/95kEXDRR_normal.jpg",
		"profile_link_color" : "FFCC4D",
		"profile_sidebar_border_color" : "000000",
		"profile_sidebar_fill_color" : "000000",
		"profile_text_color" : "000000",
		"profile_use_background_image" : false,
		"protected" : false,
		"screen_name" : "lostcrafter",
		"statuses_count" : 3357,
		"time_zone" : "Hawaii",
		"url" : "http://www9.atwiki.jp/kaimuyellow/pages/1.html",
		"utc_offset" : -36000,
		"verified" : false
	}
}

[notice ] ElapsedTime: 33.1259 / 
{
	"contributors" : null,
	"coordinates" : null,
	"created_at" : "Wed Oct 07 07:19:18 +0000 2015",
	"entities" : 
	{
		"hashtags" : 
		[
			
			{
				"indices" : [ 0, 14 ],
				"text" : "庭から出現すると嬉しい資源"
			}
		],
		"symbols" : [],
		"urls" : [],
		"user_mentions" : []
	},
	"favorite_count" : 0,
	"favorited" : false,
	"filter_level" : "low",
	"geo" : null,
	"id" : 651658037522886700,
	"id_str" : "651658037522886656",
	"in_reply_to_screen_name" : null,
	"in_reply_to_status_id" : null,
	"in_reply_to_status_id_str" : null,
	"in_reply_to_user_id" : null,
	"in_reply_to_user_id_str" : null,
	"is_quote_status" : false,
	"lang" : "ja",
	"place" : null,
	"retweet_count" : 0,
	"retweeted" : false,
	"source" : "<a href=\"http://twitter.com/#!/download/ipad\" rel=\"nofollow\">Twitter for iPad</a>",
	"text" : "#庭から出現すると嬉しい資源\n猫草でしょ。そりゃ。",
	"timestamp_ms" : "1444202358023",
	"truncated" : false,
	"user" : 
	{
		"contributors_enabled" : false,
		"created_at" : "Sat Jul 18 22:45:55 +0000 2015",
		"default_profile" : true,
		"default_profile_image" : false,
		"description" : "サカナクション、ジョジョが大好きです 絶賛腐敗中w 基本一人称は俺/あたし リア友のフォローはご遠慮願います アイコンはもっちゃん(@mo1chann3)からの貰い物 時々RTした人にも送ってしまうことがあるので勘弁してください",
		"favourites_count" : 2270,
		"follow_request_sent" : null,
		"followers_count" : 173,
		"following" : null,
		"friends_count" : 272,
		"geo_enabled" : false,
		"id" : 3283685586,
		"id_str" : "3283685586",
		"is_translator" : false,
		"lang" : "ja",
		"listed_count" : 0,
		"location" : "川崎市",
		"name" : "百済ハニワ",
		"notifications" : null,
		"profile_background_color" : "C0DEED",
		"profile_background_image_url" : "http://abs.twimg.com/images/themes/theme1/bg.png",
		"profile_background_image_url_https" : "https://abs.twimg.com/images/themes/theme1/bg.png",
		"profile_background_tile" : false,
		"profile_banner_url" : "https://pbs.twimg.com/profile_banners/3283685586/1443277642",
		"profile_image_url" : "http://pbs.twimg.com/profile_images/647779073062666240/9Pj6ADQi_normal.jpg",
		"profile_image_url_https" : "https://pbs.twimg.com/profile_images/647779073062666240/9Pj6ADQi_normal.jpg",
		"profile_link_color" : "0084B4",
		"profile_sidebar_border_color" : "C0DEED",
		"profile_sidebar_fill_color" : "DDEEF6",
		"profile_text_color" : "333333",
		"profile_use_background_image" : true,
		"protected" : false,
		"screen_name" : "sakanasakanas13",
		"statuses_count" : 3676,
		"time_zone" : null,
		"url" : null,
		"utc_offset" : null,
		"verified" : false
	}
}

[notice ] ElapsedTime: 35.3615 / 
{
	"contributors" : null,
	"coordinates" : null,
	"created_at" : "Wed Oct 07 07:19:20 +0000 2015",
	"entities" : 
	{
		"hashtags" : 
		[
			
			{
				"indices" : [ 87, 101 ],
				"text" : "庭から出現すると嬉しい資源"
			}
		],
		"symbols" : [],
		"urls" : 
		[
			
			{
				"display_url" : "goo.gl/e86Vy9",
				"expanded_url" : "https://goo.gl/e86Vy9",
				"indices" : [ 53, 76 ],
				"url" : "https://t.co/toJ1jrYJ5N"
			}
		],
		"user_mentions" : []
	},
	"favorite_count" : 0,
	"favorited" : false,
	"filter_level" : "low",
	"geo" : null,
	"id" : 651658047274618900,
	"id_str" : "651658047274618880",
	"in_reply_to_screen_name" : null,
	"in_reply_to_status_id" : null,
	"in_reply_to_status_id_str" : null,
	"in_reply_to_user_id" : null,
	"in_reply_to_user_id_str" : null,
	"is_quote_status" : false,
	"lang" : "ja",
	"place" : null,
	"possibly_sensitive" : false,
	"retweet_count" : 0,
	"retweeted" : false,
	"source" : "<a href=\"https://twitter.com/2nomatome?lang=ja\" rel=\"nofollow\">2ch Matome Bot</a>",
	"text" : "宮崎駿「キキが飛べなくなった理由は女の子ならわかる」←なんなの？女の子いたらおっちゃんに教えてくれメンス→https://t.co/toJ1jrYJ5N 第3次安倍改造内閣 #庭から出現すると嬉しい資源 仮面ライダーあつめ THE ORIGIN Erieちゃん",
	"timestamp_ms" : "1444202360348",
	"truncated" : false,
	"user" : 
	{
		"contributors_enabled" : false,
		"created_at" : "Thu Oct 01 13:44:43 +0000 2015",
		"default_profile" : true,
		"default_profile_image" : false,
		"description" : null,
		"favourites_count" : 0,
		"follow_request_sent" : null,
		"followers_count" : 2,
		"following" : null,
		"friends_count" : 0,
		"geo_enabled" : false,
		"id" : 3748455085,
		"id_str" : "3748455085",
		"is_translator" : false,
		"lang" : "ja",
		"listed_count" : 0,
		"location" : null,
		"name" : "2chmatome",
		"notifications" : null,
		"profile_background_color" : "C0DEED",
		"profile_background_image_url" : "http://abs.twimg.com/images/themes/theme1/bg.png",
		"profile_background_image_url_https" : "https://abs.twimg.com/images/themes/theme1/bg.png",
		"profile_background_tile" : false,
		"profile_banner_url" : "https://pbs.twimg.com/profile_banners/3748455085/1443708801",
		"profile_image_url" : "http://pbs.twimg.com/profile_images/649584833849503745/u1CxNa1a_normal.jpg",
		"profile_image_url_https" : "https://pbs.twimg.com/profile_images/649584833849503745/u1CxNa1a_normal.jpg",
		"profile_link_color" : "0084B4",
		"profile_sidebar_border_color" : "C0DEED",
		"profile_sidebar_fill_color" : "DDEEF6",
		"profile_text_color" : "333333",
		"profile_use_background_image" : true,
		"protected" : false,
		"screen_name" : "2nomatome",
		"statuses_count" : 8052,
		"time_zone" : null,
		"url" : null,
		"utc_offset" : null,
		"verified" : false
	}
}

