

--------------------------------------- 2015-10-09-13-11-37-028
[notice ] ElapsedTime: 2.0064 / 
{
	"contributors" : null,
	"coordinates" : null,
	"created_at" : "Fri Oct 09 04:11:37 +0000 2015",
	"entities" : 
	{
		"hashtags" : 
		[
			
			{
				"indices" : [ 0, 11 ],
				"text" : "Nowplaying"
			}
		],
		"media" : 
		[
			
			{
				"display_url" : "pic.twitter.com/FoxFT21e2r",
				"expanded_url" : "http://twitter.com/kyoujuhs/status/652335584866791424/photo/1",
				"id" : 652335584774459400,
				"id_str" : "652335584774459392",
				"indices" : [ 83, 105 ],
				"media_url" : "http://pbs.twimg.com/media/CQ2PwhTUEAAE4Sl.jpg",
				"media_url_https" : "https://pbs.twimg.com/media/CQ2PwhTUEAAE4Sl.jpg",
				"sizes" : 
				{
					"large" : 
					{
						"h" : 216,
						"resize" : "fit",
						"w" : 216
					},
					"medium" : 
					{
						"h" : 216,
						"resize" : "fit",
						"w" : 216
					},
					"small" : 
					{
						"h" : 216,
						"resize" : "fit",
						"w" : 216
					},
					"thumb" : 
					{
						"h" : 150,
						"resize" : "crop",
						"w" : 150
					}
				},
				"type" : "photo",
				"url" : "http://t.co/FoxFT21e2r"
			}
		],
		"symbols" : [],
		"urls" : 
		[
			
			{
				"display_url" : "youtube.com/results?search…",
				"expanded_url" : "http://www.youtube.com/results?search_query=%E6%9E%97%E5%93%B2%E5%8F%B8%E3%83%BB%E5%8D%8A%E7%94%B0%E5%81%A5%E4%BA%BA%E3%80%80%E6%98%AD%E5%92%8C%E9%9F%B3%E6%A5%BD%E5%A0%82%200517+%E6%9E%97%E5%93%B2%E5%8F%B8%E3%80%80%E5%8D%8A%E7%94%B0%E5%81%A5%E4%BA%BA",
				"indices" : [ 60, 82 ],
				"url" : "http://t.co/qcw7bkXKzi"
			}
		],
		"user_mentions" : []
	},
	"extended_entities" : 
	{
		"media" : 
		[
			
			{
				"display_url" : "pic.twitter.com/FoxFT21e2r",
				"expanded_url" : "http://twitter.com/kyoujuhs/status/652335584866791424/photo/1",
				"id" : 652335584774459400,
				"id_str" : "652335584774459392",
				"indices" : [ 83, 105 ],
				"media_url" : "http://pbs.twimg.com/media/CQ2PwhTUEAAE4Sl.jpg",
				"media_url_https" : "https://pbs.twimg.com/media/CQ2PwhTUEAAE4Sl.jpg",
				"sizes" : 
				{
					"large" : 
					{
						"h" : 216,
						"resize" : "fit",
						"w" : 216
					},
					"medium" : 
					{
						"h" : 216,
						"resize" : "fit",
						"w" : 216
					},
					"small" : 
					{
						"h" : 216,
						"resize" : "fit",
						"w" : 216
					},
					"thumb" : 
					{
						"h" : 150,
						"resize" : "crop",
						"w" : 150
					}
				},
				"type" : "photo",
				"url" : "http://t.co/FoxFT21e2r"
			}
		]
	},
	"favorite_count" : 0,
	"favorited" : false,
	"filter_level" : "low",
	"geo" : null,
	"id" : 652335584866791400,
	"id_str" : "652335584866791424",
	"in_reply_to_screen_name" : null,
	"in_reply_to_status_id" : null,
	"in_reply_to_status_id_str" : null,
	"in_reply_to_user_id" : null,
	"in_reply_to_user_id_str" : null,
	"is_quote_status" : false,
	"lang" : "ja",
	"place" : null,
	"possibly_sensitive" : false,
	"retweet_count" : 0,
	"retweeted" : false,
	"source" : "<a href=\"http://www.apple.com\" rel=\"nofollow\">iOS</a>",
	"text" : "#Nowplaying 林哲司・半田健人　昭和音楽堂 0517 - 林哲司　半田健人 (林哲司・半田健人　昭和音楽堂) http://t.co/qcw7bkXKzi http://t.co/FoxFT21e2r",
	"timestamp_ms" : "1444363897898",
	"truncated" : false,
	"user" : 
	{
		"contributors_enabled" : false,
		"created_at" : "Sat Jun 06 04:31:28 +0000 2009",
		"default_profile" : false,
		"default_profile_image" : false,
		"description" : "特撮ヒーローとＴＢＳラジオと水曜どうでしょうをこよなく愛する不良会社員です。",
		"favourites_count" : 413,
		"follow_request_sent" : null,
		"followers_count" : 157,
		"following" : null,
		"friends_count" : 201,
		"geo_enabled" : true,
		"id" : 45069801,
		"id_str" : "45069801",
		"is_translator" : false,
		"lang" : "ja",
		"listed_count" : 8,
		"location" : "東京都北区",
		"name" : "教授",
		"notifications" : null,
		"profile_background_color" : "1FFFAD",
		"profile_background_image_url" : "http://abs.twimg.com/images/themes/theme5/bg.gif",
		"profile_background_image_url_https" : "https://abs.twimg.com/images/themes/theme5/bg.gif",
		"profile_background_tile" : false,
		"profile_image_url" : "http://pbs.twimg.com/profile_images/572306761/people_iv_img02_normal.jpg",
		"profile_image_url_https" : "https://pbs.twimg.com/profile_images/572306761/people_iv_img02_normal.jpg",
		"profile_link_color" : "D02B55",
		"profile_sidebar_border_color" : "829D5E",
		"profile_sidebar_fill_color" : "99CC33",
		"profile_text_color" : "3E4415",
		"profile_use_background_image" : true,
		"protected" : false,
		"screen_name" : "kyoujuhs",
		"statuses_count" : 15377,
		"time_zone" : "Tokyo",
		"url" : "http://kyouju1968.blog21.fc2.com/",
		"utc_offset" : 32400,
		"verified" : false
	}
}

