

--------------------------------------- 2015-10-07-12-32-18-554
[notice ] ElapsedTime: 0.864183 / 97
[notice ] ElapsedTime: 0.879762 / 107
[notice ] ElapsedTime: 0.8921 / 126
[notice ] ElapsedTime: 0.910922 / 151
[notice ] ElapsedTime: 0.926288 / 166
[notice ] ElapsedTime: 0.943987 / 182
[notice ] ElapsedTime: 0.960815 / 194
[notice ] ElapsedTime: 0.977393 / 203
[notice ] ElapsedTime: 0.99352 / 209
[notice ] ElapsedTime: 1.02622 / 213
[notice ] ElapsedTime: 1.04284 / 217
[notice ] ElapsedTime: 1.05955 / 221
[notice ] ElapsedTime: 1.07688 / 223
[notice ] ElapsedTime: 1.07878 / 225
[notice ] ElapsedTime: 1.10938 / 225
[notice ] ElapsedTime: 1.13183 / 228
[notice ] ElapsedTime: 1.15953 / 229
[ error ] ofxJSONElement::openLocal: Unable to parse MAU_twit/twitter.json: * Line 1, Column 1
  Syntax error: value, object or array expected.

[ error ] ofxJSONElement::openLocal: Unable to parse MAU_twit/twitter.json: * Line 1, Column 1
  Syntax error: value, object or array expected.

[notice ] ElapsedTime: 353.128 / 230
[notice ] ElapsedTime: 353.146 / 258
[notice ] ElapsedTime: 353.162 / 307
[notice ] ElapsedTime: 353.18 / 376
[notice ] ElapsedTime: 353.195 / 447
[notice ] ElapsedTime: 353.212 / 492
[notice ] ElapsedTime: 353.229 / 542
[notice ] ElapsedTime: 353.245 / 587
[notice ] ElapsedTime: 353.262 / 631
[notice ] ElapsedTime: 353.279 / 666
[notice ] ElapsedTime: 353.296 / 684
[notice ] ElapsedTime: 353.312 / 695
[notice ] ElapsedTime: 353.329 / 702
[notice ] ElapsedTime: 353.346 / 702
[notice ] ElapsedTime: 353.362 / 698
[notice ] ElapsedTime: 353.529 / 698
[notice ] ElapsedTime: 353.545 / 698
[notice ] ElapsedTime: 353.563 / 698
[notice ] ElapsedTime: 353.58 / 699
[notice ] ElapsedTime: 353.597 / 702
[notice ] ElapsedTime: 353.612 / 707
[notice ] ElapsedTime: 353.629 / 715
[notice ] ElapsedTime: 353.646 / 724
[notice ] ElapsedTime: 353.662 / 732
[notice ] ElapsedTime: 353.68 / 741
[notice ] ElapsedTime: 353.695 / 748
[notice ] ElapsedTime: 353.713 / 753
[notice ] ElapsedTime: 353.728 / 756
[notice ] ElapsedTime: 353.747 / 757
[notice ] ElapsedTime: 353.78 / 758
[notice ] ElapsedTime: 353.796 / 759
[notice ] ElapsedTime: 353.813 / 760
[notice ] ElapsedTime: 353.829 / 761
[notice ] ElapsedTime: 353.879 / 761
[notice ] ElapsedTime: 353.912 / 761
[notice ] ElapsedTime: 353.946 / 761
[notice ] ElapsedTime: 353.996 / 761
[notice ] ElapsedTime: 354.012 / 762
[notice ] ElapsedTime: 354.03 / 762
[notice ] ElapsedTime: 354.046 / 763
[notice ] ElapsedTime: 354.062 / 764
[notice ] ElapsedTime: 354.096 / 765
[notice ] ElapsedTime: 354.163 / 766
[notice ] ElapsedTime: 354.196 / 767
[notice ] ElapsedTime: 354.213 / 768
[notice ] ElapsedTime: 354.229 / 769
[notice ] ElapsedTime: 354.262 / 770
[notice ] ElapsedTime: 354.296 / 771
[notice ] ElapsedTime: 358.516 / 783
[notice ] ElapsedTime: 358.531 / 813
[notice ] ElapsedTime: 358.548 / 837
[notice ] ElapsedTime: 358.566 / 856
[notice ] ElapsedTime: 358.581 / 867
[notice ] ElapsedTime: 358.598 / 878
[notice ] ElapsedTime: 358.615 / 882
[notice ] ElapsedTime: 360.866 / 879
[notice ] ElapsedTime: 360.882 / 868
[notice ] ElapsedTime: 360.9 / 854
[notice ] ElapsedTime: 360.916 / 841
[notice ] ElapsedTime: 360.933 / 826
[notice ] ElapsedTime: 360.95 / 815
[notice ] ElapsedTime: 360.967 / 809
[notice ] ElapsedTime: 360.984 / 804
[notice ] ElapsedTime: 361 / 802
[notice ] ElapsedTime: 361.034 / 801
[notice ] ElapsedTime: 361.034 / 800
[notice ] ElapsedTime: 361.45 / 800
[notice ] ElapsedTime: 361.633 / 799
[notice ] ElapsedTime: 361.65 / 799
[notice ] ElapsedTime: 361.667 / 798
[notice ] ElapsedTime: 361.683 / 797
[notice ] ElapsedTime: 361.701 / 796
[notice ] ElapsedTime: 361.717 / 795
[notice ] ElapsedTime: 361.751 / 794
[notice ] ElapsedTime: 361.752 / 793
[notice ] ElapsedTime: 361.784 / 792
[notice ] ElapsedTime: 361.801 / 791
[notice ] ElapsedTime: 361.801 / 791
[notice ] ElapsedTime: 361.833 / 790
[notice ] ElapsedTime: 361.934 / 789
[notice ] ElapsedTime: 362.518 / 789
[notice ] ElapsedTime: 362.617 / 788
[notice ] ElapsedTime: 362.667 / 787
[notice ] ElapsedTime: 362.701 / 787
[notice ] ElapsedTime: 362.734 / 786
[notice ] ElapsedTime: 362.801 / 785
[notice ] ElapsedTime: 362.85 / 784
[notice ] ElapsedTime: 362.901 / 783
[notice ] ElapsedTime: 362.935 / 782
[notice ] ElapsedTime: 362.984 / 781
[notice ] ElapsedTime: 363.017 / 781
[notice ] ElapsedTime: 363.034 / 780
